

================================================================
== Vitis HLS Report for 'zero_in_coyote_accel'
================================================================
* Date:           Sat May  9 18:00:07 2026

* Version:        2024.2 (Build 5238294 on Nov  8 2024)
* Project:        model_wrapper_c0_0
* Solution:       solution1 (Vivado IP Flow Target)
* Product family: virtexuplusHBM
* Target device:  xcu55c-fsvh2892-2L-e


================================================================
== Performance Estimates
================================================================
+ Timing: 
    * Summary: 
    +--------+---------+----------+------------+
    |  Clock |  Target | Estimated| Uncertainty|
    +--------+---------+----------+------------+
    |ap_clk  |  4.00 ns|  2.920 ns|     1.08 ns|
    +--------+---------+----------+------------+

+ Latency: 
    * Summary: 
    +---------+---------+----------+----------+--------+--------+----------+
    |  Latency (cycles) |  Latency (absolute) |     Interval    | Pipeline |
    |   min   |   max   |    min   |    max   |   min  |   max  |   Type   |
    +---------+---------+----------+----------+--------+--------+----------+
    |   270416|   270416|  1.082 ms|  1.082 ms|  270402|  270402|  dataflow|
    +---------+---------+----------+----------+--------+--------+----------+

    + Detail: 
        * Instance: 
        +-------------------------------------------------------------------------+------------------------------------------------------------------------+---------+---------+-----------+-----------+--------+--------+------------------------------------------------+
        |                                                                         |                                                                        |  Latency (cycles) |   Latency (absolute)  |     Interval    |                    Pipeline                    |
        |                                 Instance                                |                                 Module                                 |   min   |   max   |    min    |    max    |   min  |   max  |                      Type                      |
        +-------------------------------------------------------------------------+------------------------------------------------------------------------+---------+---------+-----------+-----------+--------+--------+------------------------------------------------+
        |zeropad2d_cl_array_ap_fixed_1u_array_ap_fixed_16_6_5_3_0_1u_config2_U0   |zeropad2d_cl_array_ap_fixed_1u_array_ap_fixed_16_6_5_3_0_1u_config2_s   |    70680|    70680|   0.283 ms|   0.283 ms|   70680|   70680|                                              no|
        |conv_2d_cl_array_ap_fixed_1u_array_ap_fixed_30_13_5_3_0_8u_config3_U0    |conv_2d_cl_array_ap_fixed_1u_array_ap_fixed_30_13_5_3_0_8u_config3_s    |   270403|   270403|   1.082 ms|   1.082 ms|  270402|  270402|  loop auto-rewind stp (delay=0 clock cycles(s))|
        |relu_array_ap_fixed_8u_array_ap_ufixed_8_2_4_0_0_8u_relu_config5_U0      |relu_array_ap_fixed_8u_array_ap_ufixed_8_2_4_0_0_8u_relu_config5_s      |    16387|    16387|  65.548 us|  65.548 us|   16385|   16385|  loop auto-rewind stp (delay=0 clock cycles(s))|
        |pooling2d_cl_array_ap_ufixed_8u_array_ap_ufixed_8_2_4_0_0_8u_config6_U0  |pooling2d_cl_array_ap_ufixed_8u_array_ap_ufixed_8_2_4_0_0_8u_config6_s  |    32771|    32771|   0.131 ms|   0.131 ms|   32770|   32770|  loop auto-rewind stp (delay=0 clock cycles(s))|
        |zeropad2d_cl_array_ap_ufixed_8u_array_ap_ufixed_8_2_4_0_0_8u_config7_U0  |zeropad2d_cl_array_ap_ufixed_8u_array_ap_ufixed_8_2_4_0_0_8u_config7_s  |     4367|     4367|  17.468 us|  17.468 us|    4367|    4367|                                              no|
        |conv_2d_cl_array_ap_ufixed_8u_array_ap_fixed_24_11_5_3_0_16u_config8_U0  |conv_2d_cl_array_ap_ufixed_8u_array_ap_fixed_24_11_5_3_0_16u_config8_s  |    26139|    26139|   0.105 ms|   0.105 ms|   26138|   26138|  loop auto-rewind stp (delay=0 clock cycles(s))|
        |relu_array_ap_fixed_16u_array_ap_ufixed_8_2_4_0_0_16u_relu_config10_U0   |relu_array_ap_fixed_16u_array_ap_ufixed_8_2_4_0_0_16u_relu_config10_s   |     4099|     4099|  16.396 us|  16.396 us|    4097|    4097|  loop auto-rewind stp (delay=0 clock cycles(s))|
        |pooling2d_cl_array_array_ap_ufixed_8_2_4_0_0_16u_config11_U0             |pooling2d_cl_array_array_ap_ufixed_8_2_4_0_0_16u_config11_s             |     8195|     8195|  32.780 us|  32.780 us|    8194|    8194|  loop auto-rewind stp (delay=0 clock cycles(s))|
        |zeropad2d_cl_array_array_ap_ufixed_8_2_4_0_0_16u_config12_U0             |zeropad2d_cl_array_array_ap_ufixed_8_2_4_0_0_16u_config12_s             |     1167|     1167|   4.668 us|   4.668 us|    1167|    1167|                                              no|
        |conv_2d_cl_array_array_ap_fixed_25_12_5_3_0_24u_config13_U0              |conv_2d_cl_array_array_ap_fixed_25_12_5_3_0_24u_config13_s              |     8095|     8095|  32.380 us|  32.380 us|    8094|    8094|  loop auto-rewind stp (delay=0 clock cycles(s))|
        |relu_array_ap_fixed_24u_array_ap_ufixed_8_3_4_0_0_24u_relu_config15_U0   |relu_array_ap_fixed_24u_array_ap_ufixed_8_3_4_0_0_24u_relu_config15_s   |     1027|     1027|   4.108 us|   4.108 us|    1025|    1025|  loop auto-rewind stp (delay=0 clock cycles(s))|
        |pooling2d_cl_array_array_ap_ufixed_8_3_4_0_0_24u_config16_U0             |pooling2d_cl_array_array_ap_ufixed_8_3_4_0_0_24u_config16_s             |     2051|     2051|   8.204 us|   8.204 us|    2050|    2050|  loop auto-rewind stp (delay=0 clock cycles(s))|
        |zeropad2d_cl_array_array_ap_ufixed_8_3_4_0_0_24u_config17_U0             |zeropad2d_cl_array_array_ap_ufixed_8_3_4_0_0_24u_config17_s             |      335|      335|   1.340 us|   1.340 us|     335|     335|                                              no|
        |conv_2d_cl_array_array_ap_fixed_25_13_5_3_0_24u_config18_U0              |conv_2d_cl_array_array_ap_fixed_25_13_5_3_0_24u_config18_s              |     2271|     2271|   9.084 us|   9.084 us|    2270|    2270|  loop auto-rewind stp (delay=0 clock cycles(s))|
        |relu_array_ap_fixed_24u_array_ap_ufixed_8_4_4_0_0_24u_relu_config20_U0   |relu_array_ap_fixed_24u_array_ap_ufixed_8_4_4_0_0_24u_relu_config20_s   |      259|      259|   1.036 us|   1.036 us|     257|     257|  loop auto-rewind stp (delay=0 clock cycles(s))|
        |pooling2d_cl_array_array_ap_ufixed_8_4_4_0_0_24u_config21_U0             |pooling2d_cl_array_array_ap_ufixed_8_4_4_0_0_24u_config21_s             |      515|      515|   2.060 us|   2.060 us|     514|     514|  loop auto-rewind stp (delay=0 clock cycles(s))|
        |zeropad2d_cl_array_array_ap_ufixed_8_4_4_0_0_24u_config22_U0             |zeropad2d_cl_array_array_ap_ufixed_8_4_4_0_0_24u_config22_s             |      111|      111|   0.444 us|   0.444 us|     111|     111|                                              no|
        |conv_2d_cl_array_array_ap_fixed_25_14_5_3_0_32u_config23_U0              |conv_2d_cl_array_array_ap_fixed_25_14_5_3_0_32u_config23_s              |      703|      703|   2.812 us|   2.812 us|     702|     702|  loop auto-rewind stp (delay=0 clock cycles(s))|
        |relu_array_ap_fixed_32u_array_ap_ufixed_8_5_4_0_0_32u_relu_config25_U0   |relu_array_ap_fixed_32u_array_ap_ufixed_8_5_4_0_0_32u_relu_config25_s   |       67|       67|   0.268 us|   0.268 us|      65|      65|  loop auto-rewind stp (delay=0 clock cycles(s))|
        |pooling2d_cl_array_array_ap_ufixed_8_5_4_0_0_32u_config26_U0             |pooling2d_cl_array_array_ap_ufixed_8_5_4_0_0_32u_config26_s             |      131|      131|   0.524 us|   0.524 us|     130|     130|  loop auto-rewind stp (delay=0 clock cycles(s))|
        |pooling2d_cl_array_array_ap_ufixed_8_5_4_0_0_32u_config27_U0             |pooling2d_cl_array_array_ap_ufixed_8_5_4_0_0_32u_config27_s             |       37|       37|   0.148 us|   0.148 us|      34|      34|  loop auto-rewind stp (delay=0 clock cycles(s))|
        |dense_array_ap_ufixed_32u_array_ap_fixed_22_12_5_3_0_1u_config29_U0      |dense_array_ap_ufixed_32u_array_ap_fixed_22_12_5_3_0_1u_config29_s      |        3|        3|  12.000 ns|  12.000 ns|       3|       3|                                              no|
        +-------------------------------------------------------------------------+------------------------------------------------------------------------+---------+---------+-----------+-----------+--------+--------+------------------------------------------------+

        * Loop: 
        N/A



================================================================
== Utilization Estimates
================================================================
* Summary: 
+---------------------+---------+------+---------+---------+-----+
|         Name        | BRAM_18K|  DSP |    FF   |   LUT   | URAM|
+---------------------+---------+------+---------+---------+-----+
|DSP                  |        -|     -|        -|        -|    -|
|Expression           |        -|     -|        0|        2|    -|
|FIFO                 |      185|     -|    14318|     7697|    -|
|Instance             |        -|    53|   119482|   395993|    -|
|Memory               |        -|     -|        -|        -|    -|
|Multiplexer          |        -|     -|        -|        -|    -|
|Register             |        -|     -|        -|        -|    -|
+---------------------+---------+------+---------+---------+-----+
|Total                |      185|    53|   133800|   403692|    0|
+---------------------+---------+------+---------+---------+-----+
|Available SLR        |     1344|  3008|   869120|   434560|  320|
+---------------------+---------+------+---------+---------+-----+
|Utilization SLR (%)  |       13|     1|       15|       92|    0|
+---------------------+---------+------+---------+---------+-----+
|Available            |     4032|  9024|  2607360|  1303680|  960|
+---------------------+---------+------+---------+---------+-----+
|Utilization (%)      |        4|    ~0|        5|       30|    0|
+---------------------+---------+------+---------+---------+-----+

+ Detail: 
    * Instance: 
    +-------------------------------------------------------------------------+------------------------------------------------------------------------+---------+----+-------+--------+-----+
    |                                 Instance                                |                                 Module                                 | BRAM_18K| DSP|   FF  |   LUT  | URAM|
    +-------------------------------------------------------------------------+------------------------------------------------------------------------+---------+----+-------+--------+-----+
    |conv_2d_cl_array_ap_fixed_1u_array_ap_fixed_30_13_5_3_0_8u_config3_U0    |conv_2d_cl_array_ap_fixed_1u_array_ap_fixed_30_13_5_3_0_8u_config3_s    |        0|  53|   2619|    5064|    0|
    |conv_2d_cl_array_ap_ufixed_8u_array_ap_fixed_24_11_5_3_0_16u_config8_U0  |conv_2d_cl_array_ap_ufixed_8u_array_ap_fixed_24_11_5_3_0_16u_config8_s  |        0|   0|   7855|   28935|    0|
    |conv_2d_cl_array_array_ap_fixed_25_12_5_3_0_24u_config13_U0              |conv_2d_cl_array_array_ap_fixed_25_12_5_3_0_24u_config13_s              |        0|   0|  19865|   73320|    0|
    |conv_2d_cl_array_array_ap_fixed_25_13_5_3_0_24u_config18_U0              |conv_2d_cl_array_array_ap_fixed_25_13_5_3_0_24u_config18_s              |        0|   0|  27745|  103593|    0|
    |conv_2d_cl_array_array_ap_fixed_25_14_5_3_0_32u_config23_U0              |conv_2d_cl_array_array_ap_fixed_25_14_5_3_0_32u_config23_s              |        0|   0|  34266|  133785|    0|
    |dense_array_ap_ufixed_32u_array_ap_fixed_22_12_5_3_0_1u_config29_U0      |dense_array_ap_ufixed_32u_array_ap_fixed_22_12_5_3_0_1u_config29_s      |        0|   0|    563|    1677|    0|
    |pooling2d_cl_array_ap_ufixed_8u_array_ap_ufixed_8_2_4_0_0_8u_config6_U0  |pooling2d_cl_array_ap_ufixed_8u_array_ap_ufixed_8_2_4_0_0_8u_config6_s  |        0|   0|   1022|    1693|    0|
    |pooling2d_cl_array_array_ap_ufixed_8_2_4_0_0_16u_config11_U0             |pooling2d_cl_array_array_ap_ufixed_8_2_4_0_0_16u_config11_s             |        0|   0|   1852|    2689|    0|
    |pooling2d_cl_array_array_ap_ufixed_8_3_4_0_0_24u_config16_U0             |pooling2d_cl_array_array_ap_ufixed_8_3_4_0_0_24u_config16_s             |        0|   0|   2682|    3685|    0|
    |pooling2d_cl_array_array_ap_ufixed_8_4_4_0_0_24u_config21_U0             |pooling2d_cl_array_array_ap_ufixed_8_4_4_0_0_24u_config21_s             |        0|   0|   2680|    3681|    0|
    |pooling2d_cl_array_array_ap_ufixed_8_5_4_0_0_32u_config26_U0             |pooling2d_cl_array_array_ap_ufixed_8_5_4_0_0_32u_config26_s             |        0|   0|   3510|    4677|    0|
    |pooling2d_cl_array_array_ap_ufixed_8_5_4_0_0_32u_config27_U0             |pooling2d_cl_array_array_ap_ufixed_8_5_4_0_0_32u_config27_s             |        0|   0|  12662|   16741|    0|
    |relu_array_ap_fixed_16u_array_ap_ufixed_8_2_4_0_0_16u_relu_config10_U0   |relu_array_ap_fixed_16u_array_ap_ufixed_8_2_4_0_0_16u_relu_config10_s   |        0|   0|    195|    2078|    0|
    |relu_array_ap_fixed_24u_array_ap_ufixed_8_3_4_0_0_24u_relu_config15_U0   |relu_array_ap_fixed_24u_array_ap_ufixed_8_3_4_0_0_24u_relu_config15_s   |        0|   0|    281|    3106|    0|
    |relu_array_ap_fixed_24u_array_ap_ufixed_8_4_4_0_0_24u_relu_config20_U0   |relu_array_ap_fixed_24u_array_ap_ufixed_8_4_4_0_0_24u_relu_config20_s   |        0|   0|    279|    3102|    0|
    |relu_array_ap_fixed_32u_array_ap_ufixed_8_5_4_0_0_32u_relu_config25_U0   |relu_array_ap_fixed_32u_array_ap_ufixed_8_5_4_0_0_32u_relu_config25_s   |        0|   0|    365|    4098|    0|
    |relu_array_ap_fixed_8u_array_ap_ufixed_8_2_4_0_0_8u_relu_config5_U0      |relu_array_ap_fixed_8u_array_ap_ufixed_8_2_4_0_0_8u_relu_config5_s      |        0|   0|    109|    1194|    0|
    |zeropad2d_cl_array_ap_fixed_1u_array_ap_fixed_16_6_5_3_0_1u_config2_U0   |zeropad2d_cl_array_ap_fixed_1u_array_ap_fixed_16_6_5_3_0_1u_config2_s   |        0|   0|     74|     573|    0|
    |zeropad2d_cl_array_ap_ufixed_8u_array_ap_ufixed_8_2_4_0_0_8u_config7_U0  |zeropad2d_cl_array_ap_ufixed_8u_array_ap_ufixed_8_2_4_0_0_8u_config7_s  |        0|   0|    172|     790|    0|
    |zeropad2d_cl_array_array_ap_ufixed_8_2_4_0_0_16u_config12_U0             |zeropad2d_cl_array_array_ap_ufixed_8_2_4_0_0_16u_config12_s             |        0|   0|    201|     587|    0|
    |zeropad2d_cl_array_array_ap_ufixed_8_3_4_0_0_24u_config17_U0             |zeropad2d_cl_array_array_ap_ufixed_8_3_4_0_0_24u_config17_s             |        0|   0|    248|     487|    0|
    |zeropad2d_cl_array_array_ap_ufixed_8_4_4_0_0_24u_config22_U0             |zeropad2d_cl_array_array_ap_ufixed_8_4_4_0_0_24u_config22_s             |        0|   0|    237|     438|    0|
    +-------------------------------------------------------------------------+------------------------------------------------------------------------+---------+----+-------+--------+-----+
    |Total                                                                    |                                                                        |        0|  53| 119482|  395993|    0|
    +-------------------------------------------------------------------------+------------------------------------------------------------------------+---------+----+-------+--------+-----+

    * DSP: 
    N/A

    * Memory: 
    N/A

    * FIFO: 
    +---------------+---------+------+----+-----+-------+-----+---------+
    |      Name     | BRAM_18K|  FF  | LUT| URAM| Depth | Bits| Size:D*B|
    +---------------+---------+------+----+-----+-------+-----+---------+
    |layer10_out_U  |        4|   287|   0|    -|   4096|  128|   524288|
    |layer11_out_U  |        4|   287|   0|    -|   1024|  128|   131072|
    |layer12_out_U  |        4|   287|   0|    -|   1156|  128|   147968|
    |layer13_out_U  |       29|  2084|   0|    -|   1024|  600|   614400|
    |layer15_out_U  |        8|   543|   0|    -|   1024|  192|   196608|
    |layer16_out_U  |        8|   541|   0|    -|    256|  192|    49152|
    |layer17_out_U  |        8|   543|   0|    -|    324|  192|    62208|
    |layer18_out_U  |       29|  2084|   0|    -|    256|  600|   153600|
    |layer20_out_U  |        8|   541|   0|    -|    256|  192|    49152|
    |layer21_out_U  |        8|   534|   0|    -|     64|  192|    12288|
    |layer22_out_U  |        8|   537|   0|    -|    100|  192|    19200|
    |layer23_out_U  |       29|  2077|   0|    -|     64|  800|    51200|
    |layer25_out_U  |        8|   534|   0|    -|     64|  256|    16384|
    |layer26_out_U  |        0|   784|   0|    -|     16|  256|     4096|
    |layer27_out_U  |        0|   516|   0|    -|      1|  256|      256|
    |layer2_out_U   |        1|    63|   0|    -|  67600|   16|  1081600|
    |layer3_out_U   |        8|   543|   0|    -|  16384|  240|  3932160|
    |layer5_out_U   |        2|   159|   0|    -|  16384|   64|  1048576|
    |layer6_out_U   |        2|   159|   0|    -|   4096|   64|   262144|
    |layer7_out_U   |        2|   159|   0|    -|   4356|   64|   278784|
    |layer8_out_U   |       15|  1056|   0|    -|   4096|  384|  1572864|
    +---------------+---------+------+----+-----+-------+-----+---------+
    |Total          |      185| 14318|   0|    0| 122641| 5136| 10208000|
    +---------------+---------+------+----+-----+-------+-----+---------+

    * Expression: 
    +--------------+----------+----+---+----+------------+------------+
    | Variable Name| Operation| DSP| FF| LUT| Bitwidth P0| Bitwidth P1|
    +--------------+----------+----+---+----+------------+------------+
    |ap_idle       |       and|   0|  0|   2|           1|           1|
    +--------------+----------+----+---+----+------------+------------+
    |Total         |          |   0|  0|   2|           1|           1|
    +--------------+----------+----+---+----+------------+------------+

    * Multiplexer: 
    N/A

    * Register: 
    N/A



================================================================
== Interface
================================================================
* Summary: 
+-------------------------+-----+-----+------------+----------------------+--------------+
|        RTL Ports        | Dir | Bits|  Protocol  |     Source Object    |    C Type    |
+-------------------------+-----+-----+------------+----------------------+--------------+
|bitstream_input_dout     |   in|   16|     ap_fifo|       bitstream_input|       pointer|
|bitstream_input_empty_n  |   in|    1|     ap_fifo|       bitstream_input|       pointer|
|bitstream_input_read     |  out|    1|     ap_fifo|       bitstream_input|       pointer|
|layer29_out_din          |  out|   22|     ap_fifo|           layer29_out|       pointer|
|layer29_out_full_n       |   in|    1|     ap_fifo|           layer29_out|       pointer|
|layer29_out_write        |  out|    1|     ap_fifo|           layer29_out|       pointer|
|ap_clk                   |   in|    1|  ap_ctrl_hs|  zero_in_coyote_accel|  return value|
|ap_rst                   |   in|    1|  ap_ctrl_hs|  zero_in_coyote_accel|  return value|
|ap_start                 |   in|    1|  ap_ctrl_hs|  zero_in_coyote_accel|  return value|
|ap_done                  |  out|    1|  ap_ctrl_hs|  zero_in_coyote_accel|  return value|
|ap_ready                 |  out|    1|  ap_ctrl_hs|  zero_in_coyote_accel|  return value|
|ap_idle                  |  out|    1|  ap_ctrl_hs|  zero_in_coyote_accel|  return value|
|ap_continue              |   in|    1|  ap_ctrl_hs|  zero_in_coyote_accel|  return value|
+-------------------------+-----+-----+------------+----------------------+--------------+

