#-----------------------------------------------------------
# Vivado v2024.2 (64-bit)
# SW Build 5239630 on Fri Nov 08 22:34:34 MST 2024
# IP Build 5239520 on Sun Nov 10 16:12:51 MST 2024
# SharedData Build 5239561 on Fri Nov 08 14:39:27 MST 2024
# Start of session at: Sat May 16 23:40:44 2026
# Process ID         : 2029541
# Current directory  : /pub/scratch/sdeheredia/Coyote/examples/ml_baseline/hls4ml/artifacts/coyote_accelerator_zero_in_e2e/20260516_183649/project/build/zero_in_coyote_accel_cyt_hw
# Command line       : vivado -mode tcl -source /pub/scratch/sdeheredia/Coyote/examples/ml_baseline/hls4ml/artifacts/coyote_accelerator_zero_in_e2e/20260516_183649/project/build/zero_in_coyote_accel_cyt_hw/bitgen.tcl -notrace
# Log file           : /pub/scratch/sdeheredia/Coyote/examples/ml_baseline/hls4ml/artifacts/coyote_accelerator_zero_in_e2e/20260516_183649/project/build/zero_in_coyote_accel_cyt_hw/vivado.log
# Journal file       : /pub/scratch/sdeheredia/Coyote/examples/ml_baseline/hls4ml/artifacts/coyote_accelerator_zero_in_e2e/20260516_183649/project/build/zero_in_coyote_accel_cyt_hw/vivado.jou
# Running On         : hacc-build-02.inf.ethz.ch
# Platform           : Ubuntu
# Operating System   : Ubuntu 22.04.5 LTS
# Processor Detail   : Intel(R) Xeon(R) Gold 6234 CPU @ 3.30GHz
# CPU Frequency      : 1199.979 MHz
# CPU Physical cores : 32
# CPU Logical cores  : 64
# Host memory        : 404119 MB
# Swap memory        : 1861 MB
# Total Virtual      : 405980 MB
# Available Virtual  : 297955 MB
#-----------------------------------------------------------
source /pub/scratch/sdeheredia/Coyote/examples/ml_baseline/hls4ml/artifacts/coyote_accelerator_zero_in_e2e/20260516_183649/project/build/zero_in_coyote_accel_cyt_hw/bitgen.tcl -notrace
[1m[36m** Starting shell bitstream generation ...[m
[1m[36m**[m
Command: open_checkpoint /pub/scratch/sdeheredia/Coyote/examples/ml_baseline/hls4ml/artifacts/coyote_accelerator_zero_in_e2e/20260516_183649/project/build/zero_in_coyote_accel_cyt_hw/checkpoints/shell_routed.dcp

Starting open_checkpoint Task

Time (s): cpu = 00:00:00.04 ; elapsed = 00:00:00.04 . Memory (MB): peak = 1466.871 ; gain = 0.000 ; free physical = 30293 ; free virtual = 283661
INFO: [Device 21-403] Loading part xcu55c-fsvh2892-2L-e
Netlist sorting complete. Time (s): cpu = 00:00:04 ; elapsed = 00:00:04 . Memory (MB): peak = 3897.785 ; gain = 24.008 ; free physical = 27740 ; free virtual = 281107
INFO: [Netlist 29-17] Analyzing 23912 Unisim elements for replacement
INFO: [Netlist 29-28] Unisim Transformation completed in 9 CPU seconds
INFO: [Project 1-479] Netlist was created with Vivado 2024.2
INFO: [Project 1-570] Preparing netlist for logic optimization
WARNING: [Constraints 18-550] Could not create 'IBUF_LOW_PWR' constraint because net 'inst_shell/xclk' is not directly connected to top level port. 'IBUF_LOW_PWR' is ignored for synthesis but preserved for implementation.
WARNING: [Constraints 18-550] Could not create 'IBUF_LOW_PWR' constraint because net 'inst_static/inst_int_static/clk_wiz_0/clk_in1' is not directly connected to top level port. 'IBUF_LOW_PWR' is ignored for synthesis but preserved for implementation.
Read ShapeDB Complete: Time (s): cpu = 00:00:00.76 ; elapsed = 00:00:00.81 . Memory (MB): peak = 4761.809 ; gain = 73.820 ; free physical = 27193 ; free virtual = 280560
INFO: [Timing 38-478] Restoring timing data from binary archive.
INFO: [Timing 38-479] Binary timing data restore complete.
INFO: [Project 1-856] Restoring constraints from binary archive.
INFO: [Constraints 18-4422] SNAPPING_MODE is set so implementation will use the DERIVED_RANGES which may be different then the GRID_RANGES.
INFO: [Constraints 18-4421] A LAGUNA range, without usable sites, was added to DERIVED_RANGES for purposes of keeping the Programmable Unit together within the reconfigurable pblock.
WARNING: [Constraints 18-4434] Global Clock Buffer 'inst_static/inst_debug_bridge/inst/bs_switch/inst/BSCAN_SWITCH.N_EXT_BSCAN.u_bufg_icon_tck' is LOCed to site 'BUFGCE_X0Y73'. Using a LOC constraint to assign the placement of a Global Clock Buffer can result in sub-optimal placement results.
Resolution: Remove the LOC constraint and use the CLOCK_REGION constraint to assign a Global Clock Buffer to a CLOCK_REGION.
WARNING: [Constraints 18-4434] Global Clock Buffer 'inst_static/inst_int_static/clk_wiz_0/inst/BUFGCE_DIV_CLK2_inst' is LOCed to site 'BUFGCE_DIV_X0Y12'. Using a LOC constraint to assign the placement of a Global Clock Buffer can result in sub-optimal placement results.
Resolution: Remove the LOC constraint and use the CLOCK_REGION constraint to assign a Global Clock Buffer to a CLOCK_REGION.
WARNING: [Constraints 18-4434] Global Clock Buffer 'inst_static/inst_int_static/clk_wiz_0/inst/clkout1_buf' is LOCed to site 'BUFGCE_X0Y75'. Using a LOC constraint to assign the placement of a Global Clock Buffer can result in sub-optimal placement results.
Resolution: Remove the LOC constraint and use the CLOCK_REGION constraint to assign a Global Clock Buffer to a CLOCK_REGION.
WARNING: [Constraints 18-4434] Global Clock Buffer 'inst_static/inst_int_static/xdma_0/inst/pcie4c_ip_i/inst/bufg_gt_sysclk' is LOCed to site 'BUFG_GT_X1Y45'. Using a LOC constraint to assign the placement of a Global Clock Buffer can result in sub-optimal placement results.
Resolution: Remove the LOC constraint and use the CLOCK_REGION constraint to assign a Global Clock Buffer to a CLOCK_REGION.
WARNING: [Constraints 18-4434] Global Clock Buffer 'inst_static/inst_int_static/xdma_0/inst/pcie4c_ip_i/inst/design_static_xdma_0_0_pcie4c_ip_gt_top_i/diablo_gt.diablo_gt_phy_wrapper/gt_wizard.gtwizard_top_i/design_static_xdma_0_0_pcie4c_ip_gt_i/inst/gen_gtwizard_gtye4_top.design_static_xdma_0_0_pcie4c_ip_gt_gtwizard_gtye4_inst/gen_gtwizard_gtye4.gen_cpll_cal_gtye4.gen_cpll_cal_inst[0].gen_inst_cpll_cal.gtwizard_ultrascale_v1_7_13_gtye4_cpll_cal_inst/gtwizard_ultrascale_v1_7_13_gtye4_cpll_cal_tx_i/bufg_gt_txoutclkmon_inst' is LOCed to site 'BUFG_GT_X1Y6'. Using a LOC constraint to assign the placement of a Global Clock Buffer can result in sub-optimal placement results.
Resolution: Remove the LOC constraint and use the CLOCK_REGION constraint to assign a Global Clock Buffer to a CLOCK_REGION.
WARNING: [Constraints 18-4434] Global Clock Buffer 'inst_static/inst_int_static/xdma_0/inst/pcie4c_ip_i/inst/design_static_xdma_0_0_pcie4c_ip_gt_top_i/diablo_gt.diablo_gt_phy_wrapper/gt_wizard.gtwizard_top_i/design_static_xdma_0_0_pcie4c_ip_gt_i/inst/gen_gtwizard_gtye4_top.design_static_xdma_0_0_pcie4c_ip_gt_gtwizard_gtye4_inst/gen_gtwizard_gtye4.gen_cpll_cal_gtye4.gen_cpll_cal_inst[10].gen_inst_cpll_cal.gtwizard_ultrascale_v1_7_13_gtye4_cpll_cal_inst/gtwizard_ultrascale_v1_7_13_gtye4_cpll_cal_tx_i/bufg_gt_txoutclkmon_inst' is LOCed to site 'BUFG_GT_X1Y61'. Using a LOC constraint to assign the placement of a Global Clock Buffer can result in sub-optimal placement results.
Resolution: Remove the LOC constraint and use the CLOCK_REGION constraint to assign a Global Clock Buffer to a CLOCK_REGION.
WARNING: [Constraints 18-4434] Global Clock Buffer 'inst_static/inst_int_static/xdma_0/inst/pcie4c_ip_i/inst/design_static_xdma_0_0_pcie4c_ip_gt_top_i/diablo_gt.diablo_gt_phy_wrapper/gt_wizard.gtwizard_top_i/design_static_xdma_0_0_pcie4c_ip_gt_i/inst/gen_gtwizard_gtye4_top.design_static_xdma_0_0_pcie4c_ip_gt_gtwizard_gtye4_inst/gen_gtwizard_gtye4.gen_cpll_cal_gtye4.gen_cpll_cal_inst[11].gen_inst_cpll_cal.gtwizard_ultrascale_v1_7_13_gtye4_cpll_cal_inst/gtwizard_ultrascale_v1_7_13_gtye4_cpll_cal_tx_i/bufg_gt_txoutclkmon_inst' is LOCed to site 'BUFG_GT_X1Y65'. Using a LOC constraint to assign the placement of a Global Clock Buffer can result in sub-optimal placement results.
Resolution: Remove the LOC constraint and use the CLOCK_REGION constraint to assign a Global Clock Buffer to a CLOCK_REGION.
WARNING: [Constraints 18-4434] Global Clock Buffer 'inst_static/inst_int_static/xdma_0/inst/pcie4c_ip_i/inst/design_static_xdma_0_0_pcie4c_ip_gt_top_i/diablo_gt.diablo_gt_phy_wrapper/gt_wizard.gtwizard_top_i/design_static_xdma_0_0_pcie4c_ip_gt_i/inst/gen_gtwizard_gtye4_top.design_static_xdma_0_0_pcie4c_ip_gt_gtwizard_gtye4_inst/gen_gtwizard_gtye4.gen_cpll_cal_gtye4.gen_cpll_cal_inst[12].gen_inst_cpll_cal.gtwizard_ultrascale_v1_7_13_gtye4_cpll_cal_inst/gtwizard_ultrascale_v1_7_13_gtye4_cpll_cal_tx_i/bufg_gt_txoutclkmon_inst' is LOCed to site 'BUFG_GT_X1Y88'. Using a LOC constraint to assign the placement of a Global Clock Buffer can result in sub-optimal placement results.
Resolution: Remove the LOC constraint and use the CLOCK_REGION constraint to assign a Global Clock Buffer to a CLOCK_REGION.
WARNING: [Constraints 18-4434] Global Clock Buffer 'inst_static/inst_int_static/xdma_0/inst/pcie4c_ip_i/inst/design_static_xdma_0_0_pcie4c_ip_gt_top_i/diablo_gt.diablo_gt_phy_wrapper/gt_wizard.gtwizard_top_i/design_static_xdma_0_0_pcie4c_ip_gt_i/inst/gen_gtwizard_gtye4_top.design_static_xdma_0_0_pcie4c_ip_gt_gtwizard_gtye4_inst/gen_gtwizard_gtye4.gen_cpll_cal_gtye4.gen_cpll_cal_inst[13].gen_inst_cpll_cal.gtwizard_ultrascale_v1_7_13_gtye4_cpll_cal_inst/gtwizard_ultrascale_v1_7_13_gtye4_cpll_cal_tx_i/bufg_gt_txoutclkmon_inst' is LOCed to site 'BUFG_GT_X1Y83'. Using a LOC constraint to assign the placement of a Global Clock Buffer can result in sub-optimal placement results.
Resolution: Remove the LOC constraint and use the CLOCK_REGION constraint to assign a Global Clock Buffer to a CLOCK_REGION.
WARNING: [Constraints 18-4434] Global Clock Buffer 'inst_static/inst_int_static/xdma_0/inst/pcie4c_ip_i/inst/design_static_xdma_0_0_pcie4c_ip_gt_top_i/diablo_gt.diablo_gt_phy_wrapper/gt_wizard.gtwizard_top_i/design_static_xdma_0_0_pcie4c_ip_gt_i/inst/gen_gtwizard_gtye4_top.design_static_xdma_0_0_pcie4c_ip_gt_gtwizard_gtye4_inst/gen_gtwizard_gtye4.gen_cpll_cal_gtye4.gen_cpll_cal_inst[14].gen_inst_cpll_cal.gtwizard_ultrascale_v1_7_13_gtye4_cpll_cal_inst/gtwizard_ultrascale_v1_7_13_gtye4_cpll_cal_tx_i/bufg_gt_txoutclkmon_inst' is LOCed to site 'BUFG_GT_X1Y87'. Using a LOC constraint to assign the placement of a Global Clock Buffer can result in sub-optimal placement results.
Resolution: Remove the LOC constraint and use the CLOCK_REGION constraint to assign a Global Clock Buffer to a CLOCK_REGION.
WARNING: [Constraints 18-4434] Global Clock Buffer 'inst_static/inst_int_static/xdma_0/inst/pcie4c_ip_i/inst/design_static_xdma_0_0_pcie4c_ip_gt_top_i/diablo_gt.diablo_gt_phy_wrapper/gt_wizard.gtwizard_top_i/design_static_xdma_0_0_pcie4c_ip_gt_i/inst/gen_gtwizard_gtye4_top.design_static_xdma_0_0_pcie4c_ip_gt_gtwizard_gtye4_inst/gen_gtwizard_gtye4.gen_cpll_cal_gtye4.gen_cpll_cal_inst[15].gen_inst_cpll_cal.gtwizard_ultrascale_v1_7_13_gtye4_cpll_cal_inst/gtwizard_ultrascale_v1_7_13_gtye4_cpll_cal_tx_i/bufg_gt_txoutclkmon_inst' is LOCed to site 'BUFG_GT_X1Y77'. Using a LOC constraint to assign the placement of a Global Clock Buffer can result in sub-optimal placement results.
Resolution: Remove the LOC constraint and use the CLOCK_REGION constraint to assign a Global Clock Buffer to a CLOCK_REGION.
WARNING: [Constraints 18-4434] Global Clock Buffer 'inst_static/inst_int_static/xdma_0/inst/pcie4c_ip_i/inst/design_static_xdma_0_0_pcie4c_ip_gt_top_i/diablo_gt.diablo_gt_phy_wrapper/gt_wizard.gtwizard_top_i/design_static_xdma_0_0_pcie4c_ip_gt_i/inst/gen_gtwizard_gtye4_top.design_static_xdma_0_0_pcie4c_ip_gt_gtwizard_gtye4_inst/gen_gtwizard_gtye4.gen_cpll_cal_gtye4.gen_cpll_cal_inst[1].gen_inst_cpll_cal.gtwizard_ultrascale_v1_7_13_gtye4_cpll_cal_inst/gtwizard_ultrascale_v1_7_13_gtye4_cpll_cal_tx_i/bufg_gt_txoutclkmon_inst' is LOCed to site 'BUFG_GT_X1Y14'. Using a LOC constraint to assign the placement of a Global Clock Buffer can result in sub-optimal placement results.
Resolution: Remove the LOC constraint and use the CLOCK_REGION constraint to assign a Global Clock Buffer to a CLOCK_REGION.
WARNING: [Constraints 18-4434] Global Clock Buffer 'inst_static/inst_int_static/xdma_0/inst/pcie4c_ip_i/inst/design_static_xdma_0_0_pcie4c_ip_gt_top_i/diablo_gt.diablo_gt_phy_wrapper/gt_wizard.gtwizard_top_i/design_static_xdma_0_0_pcie4c_ip_gt_i/inst/gen_gtwizard_gtye4_top.design_static_xdma_0_0_pcie4c_ip_gt_gtwizard_gtye4_inst/gen_gtwizard_gtye4.gen_cpll_cal_gtye4.gen_cpll_cal_inst[2].gen_inst_cpll_cal.gtwizard_ultrascale_v1_7_13_gtye4_cpll_cal_inst/gtwizard_ultrascale_v1_7_13_gtye4_cpll_cal_tx_i/bufg_gt_txoutclkmon_inst' is LOCed to site 'BUFG_GT_X1Y20'. Using a LOC constraint to assign the placement of a Global Clock Buffer can result in sub-optimal placement results.
Resolution: Remove the LOC constraint and use the CLOCK_REGION constraint to assign a Global Clock Buffer to a CLOCK_REGION.
WARNING: [Constraints 18-4434] Global Clock Buffer 'inst_static/inst_int_static/xdma_0/inst/pcie4c_ip_i/inst/design_static_xdma_0_0_pcie4c_ip_gt_top_i/diablo_gt.diablo_gt_phy_wrapper/gt_wizard.gtwizard_top_i/design_static_xdma_0_0_pcie4c_ip_gt_i/inst/gen_gtwizard_gtye4_top.design_static_xdma_0_0_pcie4c_ip_gt_gtwizard_gtye4_inst/gen_gtwizard_gtye4.gen_cpll_cal_gtye4.gen_cpll_cal_inst[3].gen_inst_cpll_cal.gtwizard_ultrascale_v1_7_13_gtye4_cpll_cal_inst/gtwizard_ultrascale_v1_7_13_gtye4_cpll_cal_tx_i/bufg_gt_txoutclkmon_inst' is LOCed to site 'BUFG_GT_X1Y15'. Using a LOC constraint to assign the placement of a Global Clock Buffer can result in sub-optimal placement results.
Resolution: Remove the LOC constraint and use the CLOCK_REGION constraint to assign a Global Clock Buffer to a CLOCK_REGION.
WARNING: [Constraints 18-4434] Global Clock Buffer 'inst_static/inst_int_static/xdma_0/inst/pcie4c_ip_i/inst/design_static_xdma_0_0_pcie4c_ip_gt_top_i/diablo_gt.diablo_gt_phy_wrapper/gt_wizard.gtwizard_top_i/design_static_xdma_0_0_pcie4c_ip_gt_i/inst/gen_gtwizard_gtye4_top.design_static_xdma_0_0_pcie4c_ip_gt_gtwizard_gtye4_inst/gen_gtwizard_gtye4.gen_cpll_cal_gtye4.gen_cpll_cal_inst[4].gen_inst_cpll_cal.gtwizard_ultrascale_v1_7_13_gtye4_cpll_cal_inst/gtwizard_ultrascale_v1_7_13_gtye4_cpll_cal_tx_i/bufg_gt_txoutclkmon_inst' is LOCed to site 'BUFG_GT_X1Y47'. Using a LOC constraint to assign the placement of a Global Clock Buffer can result in sub-optimal placement results.
Resolution: Remove the LOC constraint and use the CLOCK_REGION constraint to assign a Global Clock Buffer to a CLOCK_REGION.
WARNING: [Constraints 18-4434] Global Clock Buffer 'inst_static/inst_int_static/xdma_0/inst/pcie4c_ip_i/inst/design_static_xdma_0_0_pcie4c_ip_gt_top_i/diablo_gt.diablo_gt_phy_wrapper/gt_wizard.gtwizard_top_i/design_static_xdma_0_0_pcie4c_ip_gt_i/inst/gen_gtwizard_gtye4_top.design_static_xdma_0_0_pcie4c_ip_gt_gtwizard_gtye4_inst/gen_gtwizard_gtye4.gen_cpll_cal_gtye4.gen_cpll_cal_inst[5].gen_inst_cpll_cal.gtwizard_ultrascale_v1_7_13_gtye4_cpll_cal_inst/gtwizard_ultrascale_v1_7_13_gtye4_cpll_cal_tx_i/bufg_gt_txoutclkmon_inst' is LOCed to site 'BUFG_GT_X1Y41'. Using a LOC constraint to assign the placement of a Global Clock Buffer can result in sub-optimal placement results.
Resolution: Remove the LOC constraint and use the CLOCK_REGION constraint to assign a Global Clock Buffer to a CLOCK_REGION.
WARNING: [Constraints 18-4434] Global Clock Buffer 'inst_static/inst_int_static/xdma_0/inst/pcie4c_ip_i/inst/design_static_xdma_0_0_pcie4c_ip_gt_top_i/diablo_gt.diablo_gt_phy_wrapper/gt_wizard.gtwizard_top_i/design_static_xdma_0_0_pcie4c_ip_gt_i/inst/gen_gtwizard_gtye4_top.design_static_xdma_0_0_pcie4c_ip_gt_gtwizard_gtye4_inst/gen_gtwizard_gtye4.gen_cpll_cal_gtye4.gen_cpll_cal_inst[6].gen_inst_cpll_cal.gtwizard_ultrascale_v1_7_13_gtye4_cpll_cal_inst/gtwizard_ultrascale_v1_7_13_gtye4_cpll_cal_tx_i/bufg_gt_txoutclkmon_inst' is LOCed to site 'BUFG_GT_X1Y31'. Using a LOC constraint to assign the placement of a Global Clock Buffer can result in sub-optimal placement results.
Resolution: Remove the LOC constraint and use the CLOCK_REGION constraint to assign a Global Clock Buffer to a CLOCK_REGION.
WARNING: [Constraints 18-4434] Global Clock Buffer 'inst_static/inst_int_static/xdma_0/inst/pcie4c_ip_i/inst/design_static_xdma_0_0_pcie4c_ip_gt_top_i/diablo_gt.diablo_gt_phy_wrapper/gt_wizard.gtwizard_top_i/design_static_xdma_0_0_pcie4c_ip_gt_i/inst/gen_gtwizard_gtye4_top.design_static_xdma_0_0_pcie4c_ip_gt_gtwizard_gtye4_inst/gen_gtwizard_gtye4.gen_cpll_cal_gtye4.gen_cpll_cal_inst[7].gen_inst_cpll_cal.gtwizard_ultrascale_v1_7_13_gtye4_cpll_cal_inst/gtwizard_ultrascale_v1_7_13_gtye4_cpll_cal_tx_i/bufg_gt_txoutclkmon_inst' is LOCed to site 'BUFG_GT_X1Y24'. Using a LOC constraint to assign the placement of a Global Clock Buffer can result in sub-optimal placement results.
Resolution: Remove the LOC constraint and use the CLOCK_REGION constraint to assign a Global Clock Buffer to a CLOCK_REGION.
WARNING: [Constraints 18-4434] Global Clock Buffer 'inst_static/inst_int_static/xdma_0/inst/pcie4c_ip_i/inst/design_static_xdma_0_0_pcie4c_ip_gt_top_i/diablo_gt.diablo_gt_phy_wrapper/gt_wizard.gtwizard_top_i/design_static_xdma_0_0_pcie4c_ip_gt_i/inst/gen_gtwizard_gtye4_top.design_static_xdma_0_0_pcie4c_ip_gt_gtwizard_gtye4_inst/gen_gtwizard_gtye4.gen_cpll_cal_gtye4.gen_cpll_cal_inst[8].gen_inst_cpll_cal.gtwizard_ultrascale_v1_7_13_gtye4_cpll_cal_inst/gtwizard_ultrascale_v1_7_13_gtye4_cpll_cal_tx_i/bufg_gt_txoutclkmon_inst' is LOCed to site 'BUFG_GT_X1Y71'. Using a LOC constraint to assign the placement of a Global Clock Buffer can result in sub-optimal placement results.
Resolution: Remove the LOC constraint and use the CLOCK_REGION constraint to assign a Global Clock Buffer to a CLOCK_REGION.
WARNING: [Constraints 18-4434] Global Clock Buffer 'inst_static/inst_int_static/xdma_0/inst/pcie4c_ip_i/inst/design_static_xdma_0_0_pcie4c_ip_gt_top_i/diablo_gt.diablo_gt_phy_wrapper/gt_wizard.gtwizard_top_i/design_static_xdma_0_0_pcie4c_ip_gt_i/inst/gen_gtwizard_gtye4_top.design_static_xdma_0_0_pcie4c_ip_gt_gtwizard_gtye4_inst/gen_gtwizard_gtye4.gen_cpll_cal_gtye4.gen_cpll_cal_inst[9].gen_inst_cpll_cal.gtwizard_ultrascale_v1_7_13_gtye4_cpll_cal_inst/gtwizard_ultrascale_v1_7_13_gtye4_cpll_cal_tx_i/bufg_gt_txoutclkmon_inst' is LOCed to site 'BUFG_GT_X1Y57'. Using a LOC constraint to assign the placement of a Global Clock Buffer can result in sub-optimal placement results.
Resolution: Remove the LOC constraint and use the CLOCK_REGION constraint to assign a Global Clock Buffer to a CLOCK_REGION.
WARNING: [Constraints 18-4434] Global Clock Buffer 'inst_static/inst_int_static/xdma_0/inst/pcie4c_ip_i/inst/design_static_xdma_0_0_pcie4c_ip_gt_top_i/diablo_gt.diablo_gt_phy_wrapper/phy_clk_i/bufg_gt_coreclk' is LOCed to site 'BUFG_GT_X1Y72'. Using a LOC constraint to assign the placement of a Global Clock Buffer can result in sub-optimal placement results.
Resolution: Remove the LOC constraint and use the CLOCK_REGION constraint to assign a Global Clock Buffer to a CLOCK_REGION.
WARNING: [Constraints 18-4434] Global Clock Buffer 'inst_static/inst_int_static/xdma_0/inst/pcie4c_ip_i/inst/design_static_xdma_0_0_pcie4c_ip_gt_top_i/diablo_gt.diablo_gt_phy_wrapper/phy_clk_i/bufg_gt_intclk' is LOCed to site 'BUFG_GT_X1Y84'. Using a LOC constraint to assign the placement of a Global Clock Buffer can result in sub-optimal placement results.
Resolution: Remove the LOC constraint and use the CLOCK_REGION constraint to assign a Global Clock Buffer to a CLOCK_REGION.
WARNING: [Constraints 18-4434] Global Clock Buffer 'inst_static/inst_int_static/xdma_0/inst/pcie4c_ip_i/inst/design_static_xdma_0_0_pcie4c_ip_gt_top_i/diablo_gt.diablo_gt_phy_wrapper/phy_clk_i/bufg_gt_mcapclk' is LOCed to site 'BUFG_GT_X1Y94'. Using a LOC constraint to assign the placement of a Global Clock Buffer can result in sub-optimal placement results.
Resolution: Remove the LOC constraint and use the CLOCK_REGION constraint to assign a Global Clock Buffer to a CLOCK_REGION.
WARNING: [Constraints 18-4434] Global Clock Buffer 'inst_static/inst_int_static/xdma_0/inst/pcie4c_ip_i/inst/design_static_xdma_0_0_pcie4c_ip_gt_top_i/diablo_gt.diablo_gt_phy_wrapper/phy_clk_i/bufg_gt_pclk' is LOCed to site 'BUFG_GT_X1Y82'. Using a LOC constraint to assign the placement of a Global Clock Buffer can result in sub-optimal placement results.
Resolution: Remove the LOC constraint and use the CLOCK_REGION constraint to assign a Global Clock Buffer to a CLOCK_REGION.
WARNING: [Constraints 18-4434] Global Clock Buffer 'inst_static/inst_int_static/xdma_0/inst/pcie4c_ip_i/inst/design_static_xdma_0_0_pcie4c_ip_gt_top_i/diablo_gt.diablo_gt_phy_wrapper/phy_clk_i/bufg_gt_userclk' is LOCed to site 'BUFG_GT_X1Y74'. Using a LOC constraint to assign the placement of a Global Clock Buffer can result in sub-optimal placement results.
Resolution: Remove the LOC constraint and use the CLOCK_REGION constraint to assign a Global Clock Buffer to a CLOCK_REGION.
INFO: [Project 1-853] Binary constraint restore complete.
INFO: [Designutils 20-5722] Start Reading Physical Databases.
Reading placement.
Read Netlist Cache: Time (s): cpu = 00:00:00.68 ; elapsed = 00:00:00.78 . Memory (MB): peak = 8719.512 ; gain = 208.414 ; free physical = 23380 ; free virtual = 276747
Reading placer database...
Read Device Cache: Time (s): cpu = 00:00:00.02 ; elapsed = 00:00:00.03 . Memory (MB): peak = 8731.348 ; gain = 11.836 ; free physical = 23364 ; free virtual = 276731
Read PlaceDB: Time (s): cpu = 00:00:20 ; elapsed = 00:00:21 . Memory (MB): peak = 9269.691 ; gain = 535.961 ; free physical = 22827 ; free virtual = 276194
Read PulsedLatchDB: Time (s): cpu = 00:00:00 ; elapsed = 00:00:00 . Memory (MB): peak = 9269.691 ; gain = 0.000 ; free physical = 22827 ; free virtual = 276194
Reading routing.
Read RouteStorage: Time (s): cpu = 00:00:13 ; elapsed = 00:00:14 . Memory (MB): peak = 9748.645 ; gain = 478.953 ; free physical = 22329 ; free virtual = 275696
Read Physdb Files: Time (s): cpu = 00:00:35 ; elapsed = 00:00:36 . Memory (MB): peak = 9748.645 ; gain = 1237.547 ; free physical = 22329 ; free virtual = 275697
Restored from archive | CPU: 37.610000 secs | Memory: 739.433487 MB |
Finished XDEF File Restore: Time (s): cpu = 00:00:36 ; elapsed = 00:00:38 . Memory (MB): peak = 9748.645 ; gain = 1237.547 ; free physical = 22359 ; free virtual = 275727
WARNING: [Constraints 18-4434] Global Clock Buffer 'inst_static/inst_debug_bridge/inst/bs_switch/inst/BSCAN_SWITCH.N_EXT_BSCAN.u_bufg_icon_tck' is LOCed to site 'BUFGCE_X0Y73'. Using a LOC constraint to assign the placement of a Global Clock Buffer can result in sub-optimal placement results.
Resolution: Remove the LOC constraint and use the CLOCK_REGION constraint to assign a Global Clock Buffer to a CLOCK_REGION.
WARNING: [Constraints 18-4434] Global Clock Buffer 'inst_static/inst_int_static/clk_wiz_0/inst/BUFGCE_DIV_CLK2_inst' is LOCed to site 'BUFGCE_DIV_X0Y12'. Using a LOC constraint to assign the placement of a Global Clock Buffer can result in sub-optimal placement results.
Resolution: Remove the LOC constraint and use the CLOCK_REGION constraint to assign a Global Clock Buffer to a CLOCK_REGION.
WARNING: [Constraints 18-4434] Global Clock Buffer 'inst_static/inst_int_static/clk_wiz_0/inst/clkout1_buf' is LOCed to site 'BUFGCE_X0Y75'. Using a LOC constraint to assign the placement of a Global Clock Buffer can result in sub-optimal placement results.
Resolution: Remove the LOC constraint and use the CLOCK_REGION constraint to assign a Global Clock Buffer to a CLOCK_REGION.
WARNING: [Constraints 18-4434] Global Clock Buffer 'inst_static/inst_int_static/xdma_0/inst/pcie4c_ip_i/inst/bufg_gt_sysclk' is LOCed to site 'BUFG_GT_X1Y45'. Using a LOC constraint to assign the placement of a Global Clock Buffer can result in sub-optimal placement results.
Resolution: Remove the LOC constraint and use the CLOCK_REGION constraint to assign a Global Clock Buffer to a CLOCK_REGION.
WARNING: [Constraints 18-4434] Global Clock Buffer 'inst_static/inst_int_static/xdma_0/inst/pcie4c_ip_i/inst/design_static_xdma_0_0_pcie4c_ip_gt_top_i/diablo_gt.diablo_gt_phy_wrapper/gt_wizard.gtwizard_top_i/design_static_xdma_0_0_pcie4c_ip_gt_i/inst/gen_gtwizard_gtye4_top.design_static_xdma_0_0_pcie4c_ip_gt_gtwizard_gtye4_inst/gen_gtwizard_gtye4.gen_cpll_cal_gtye4.gen_cpll_cal_inst[0].gen_inst_cpll_cal.gtwizard_ultrascale_v1_7_13_gtye4_cpll_cal_inst/gtwizard_ultrascale_v1_7_13_gtye4_cpll_cal_tx_i/bufg_gt_txoutclkmon_inst' is LOCed to site 'BUFG_GT_X1Y6'. Using a LOC constraint to assign the placement of a Global Clock Buffer can result in sub-optimal placement results.
Resolution: Remove the LOC constraint and use the CLOCK_REGION constraint to assign a Global Clock Buffer to a CLOCK_REGION.
WARNING: [Constraints 18-4434] Global Clock Buffer 'inst_static/inst_int_static/xdma_0/inst/pcie4c_ip_i/inst/design_static_xdma_0_0_pcie4c_ip_gt_top_i/diablo_gt.diablo_gt_phy_wrapper/gt_wizard.gtwizard_top_i/design_static_xdma_0_0_pcie4c_ip_gt_i/inst/gen_gtwizard_gtye4_top.design_static_xdma_0_0_pcie4c_ip_gt_gtwizard_gtye4_inst/gen_gtwizard_gtye4.gen_cpll_cal_gtye4.gen_cpll_cal_inst[10].gen_inst_cpll_cal.gtwizard_ultrascale_v1_7_13_gtye4_cpll_cal_inst/gtwizard_ultrascale_v1_7_13_gtye4_cpll_cal_tx_i/bufg_gt_txoutclkmon_inst' is LOCed to site 'BUFG_GT_X1Y61'. Using a LOC constraint to assign the placement of a Global Clock Buffer can result in sub-optimal placement results.
Resolution: Remove the LOC constraint and use the CLOCK_REGION constraint to assign a Global Clock Buffer to a CLOCK_REGION.
WARNING: [Constraints 18-4434] Global Clock Buffer 'inst_static/inst_int_static/xdma_0/inst/pcie4c_ip_i/inst/design_static_xdma_0_0_pcie4c_ip_gt_top_i/diablo_gt.diablo_gt_phy_wrapper/gt_wizard.gtwizard_top_i/design_static_xdma_0_0_pcie4c_ip_gt_i/inst/gen_gtwizard_gtye4_top.design_static_xdma_0_0_pcie4c_ip_gt_gtwizard_gtye4_inst/gen_gtwizard_gtye4.gen_cpll_cal_gtye4.gen_cpll_cal_inst[11].gen_inst_cpll_cal.gtwizard_ultrascale_v1_7_13_gtye4_cpll_cal_inst/gtwizard_ultrascale_v1_7_13_gtye4_cpll_cal_tx_i/bufg_gt_txoutclkmon_inst' is LOCed to site 'BUFG_GT_X1Y65'. Using a LOC constraint to assign the placement of a Global Clock Buffer can result in sub-optimal placement results.
Resolution: Remove the LOC constraint and use the CLOCK_REGION constraint to assign a Global Clock Buffer to a CLOCK_REGION.
WARNING: [Constraints 18-4434] Global Clock Buffer 'inst_static/inst_int_static/xdma_0/inst/pcie4c_ip_i/inst/design_static_xdma_0_0_pcie4c_ip_gt_top_i/diablo_gt.diablo_gt_phy_wrapper/gt_wizard.gtwizard_top_i/design_static_xdma_0_0_pcie4c_ip_gt_i/inst/gen_gtwizard_gtye4_top.design_static_xdma_0_0_pcie4c_ip_gt_gtwizard_gtye4_inst/gen_gtwizard_gtye4.gen_cpll_cal_gtye4.gen_cpll_cal_inst[12].gen_inst_cpll_cal.gtwizard_ultrascale_v1_7_13_gtye4_cpll_cal_inst/gtwizard_ultrascale_v1_7_13_gtye4_cpll_cal_tx_i/bufg_gt_txoutclkmon_inst' is LOCed to site 'BUFG_GT_X1Y88'. Using a LOC constraint to assign the placement of a Global Clock Buffer can result in sub-optimal placement results.
Resolution: Remove the LOC constraint and use the CLOCK_REGION constraint to assign a Global Clock Buffer to a CLOCK_REGION.
WARNING: [Constraints 18-4434] Global Clock Buffer 'inst_static/inst_int_static/xdma_0/inst/pcie4c_ip_i/inst/design_static_xdma_0_0_pcie4c_ip_gt_top_i/diablo_gt.diablo_gt_phy_wrapper/gt_wizard.gtwizard_top_i/design_static_xdma_0_0_pcie4c_ip_gt_i/inst/gen_gtwizard_gtye4_top.design_static_xdma_0_0_pcie4c_ip_gt_gtwizard_gtye4_inst/gen_gtwizard_gtye4.gen_cpll_cal_gtye4.gen_cpll_cal_inst[13].gen_inst_cpll_cal.gtwizard_ultrascale_v1_7_13_gtye4_cpll_cal_inst/gtwizard_ultrascale_v1_7_13_gtye4_cpll_cal_tx_i/bufg_gt_txoutclkmon_inst' is LOCed to site 'BUFG_GT_X1Y83'. Using a LOC constraint to assign the placement of a Global Clock Buffer can result in sub-optimal placement results.
Resolution: Remove the LOC constraint and use the CLOCK_REGION constraint to assign a Global Clock Buffer to a CLOCK_REGION.
WARNING: [Constraints 18-4434] Global Clock Buffer 'inst_static/inst_int_static/xdma_0/inst/pcie4c_ip_i/inst/design_static_xdma_0_0_pcie4c_ip_gt_top_i/diablo_gt.diablo_gt_phy_wrapper/gt_wizard.gtwizard_top_i/design_static_xdma_0_0_pcie4c_ip_gt_i/inst/gen_gtwizard_gtye4_top.design_static_xdma_0_0_pcie4c_ip_gt_gtwizard_gtye4_inst/gen_gtwizard_gtye4.gen_cpll_cal_gtye4.gen_cpll_cal_inst[14].gen_inst_cpll_cal.gtwizard_ultrascale_v1_7_13_gtye4_cpll_cal_inst/gtwizard_ultrascale_v1_7_13_gtye4_cpll_cal_tx_i/bufg_gt_txoutclkmon_inst' is LOCed to site 'BUFG_GT_X1Y87'. Using a LOC constraint to assign the placement of a Global Clock Buffer can result in sub-optimal placement results.
Resolution: Remove the LOC constraint and use the CLOCK_REGION constraint to assign a Global Clock Buffer to a CLOCK_REGION.
WARNING: [Constraints 18-4434] Global Clock Buffer 'inst_static/inst_int_static/xdma_0/inst/pcie4c_ip_i/inst/design_static_xdma_0_0_pcie4c_ip_gt_top_i/diablo_gt.diablo_gt_phy_wrapper/gt_wizard.gtwizard_top_i/design_static_xdma_0_0_pcie4c_ip_gt_i/inst/gen_gtwizard_gtye4_top.design_static_xdma_0_0_pcie4c_ip_gt_gtwizard_gtye4_inst/gen_gtwizard_gtye4.gen_cpll_cal_gtye4.gen_cpll_cal_inst[15].gen_inst_cpll_cal.gtwizard_ultrascale_v1_7_13_gtye4_cpll_cal_inst/gtwizard_ultrascale_v1_7_13_gtye4_cpll_cal_tx_i/bufg_gt_txoutclkmon_inst' is LOCed to site 'BUFG_GT_X1Y77'. Using a LOC constraint to assign the placement of a Global Clock Buffer can result in sub-optimal placement results.
Resolution: Remove the LOC constraint and use the CLOCK_REGION constraint to assign a Global Clock Buffer to a CLOCK_REGION.
WARNING: [Constraints 18-4434] Global Clock Buffer 'inst_static/inst_int_static/xdma_0/inst/pcie4c_ip_i/inst/design_static_xdma_0_0_pcie4c_ip_gt_top_i/diablo_gt.diablo_gt_phy_wrapper/gt_wizard.gtwizard_top_i/design_static_xdma_0_0_pcie4c_ip_gt_i/inst/gen_gtwizard_gtye4_top.design_static_xdma_0_0_pcie4c_ip_gt_gtwizard_gtye4_inst/gen_gtwizard_gtye4.gen_cpll_cal_gtye4.gen_cpll_cal_inst[1].gen_inst_cpll_cal.gtwizard_ultrascale_v1_7_13_gtye4_cpll_cal_inst/gtwizard_ultrascale_v1_7_13_gtye4_cpll_cal_tx_i/bufg_gt_txoutclkmon_inst' is LOCed to site 'BUFG_GT_X1Y14'. Using a LOC constraint to assign the placement of a Global Clock Buffer can result in sub-optimal placement results.
Resolution: Remove the LOC constraint and use the CLOCK_REGION constraint to assign a Global Clock Buffer to a CLOCK_REGION.
WARNING: [Constraints 18-4434] Global Clock Buffer 'inst_static/inst_int_static/xdma_0/inst/pcie4c_ip_i/inst/design_static_xdma_0_0_pcie4c_ip_gt_top_i/diablo_gt.diablo_gt_phy_wrapper/gt_wizard.gtwizard_top_i/design_static_xdma_0_0_pcie4c_ip_gt_i/inst/gen_gtwizard_gtye4_top.design_static_xdma_0_0_pcie4c_ip_gt_gtwizard_gtye4_inst/gen_gtwizard_gtye4.gen_cpll_cal_gtye4.gen_cpll_cal_inst[2].gen_inst_cpll_cal.gtwizard_ultrascale_v1_7_13_gtye4_cpll_cal_inst/gtwizard_ultrascale_v1_7_13_gtye4_cpll_cal_tx_i/bufg_gt_txoutclkmon_inst' is LOCed to site 'BUFG_GT_X1Y20'. Using a LOC constraint to assign the placement of a Global Clock Buffer can result in sub-optimal placement results.
Resolution: Remove the LOC constraint and use the CLOCK_REGION constraint to assign a Global Clock Buffer to a CLOCK_REGION.
WARNING: [Constraints 18-4434] Global Clock Buffer 'inst_static/inst_int_static/xdma_0/inst/pcie4c_ip_i/inst/design_static_xdma_0_0_pcie4c_ip_gt_top_i/diablo_gt.diablo_gt_phy_wrapper/gt_wizard.gtwizard_top_i/design_static_xdma_0_0_pcie4c_ip_gt_i/inst/gen_gtwizard_gtye4_top.design_static_xdma_0_0_pcie4c_ip_gt_gtwizard_gtye4_inst/gen_gtwizard_gtye4.gen_cpll_cal_gtye4.gen_cpll_cal_inst[3].gen_inst_cpll_cal.gtwizard_ultrascale_v1_7_13_gtye4_cpll_cal_inst/gtwizard_ultrascale_v1_7_13_gtye4_cpll_cal_tx_i/bufg_gt_txoutclkmon_inst' is LOCed to site 'BUFG_GT_X1Y15'. Using a LOC constraint to assign the placement of a Global Clock Buffer can result in sub-optimal placement results.
Resolution: Remove the LOC constraint and use the CLOCK_REGION constraint to assign a Global Clock Buffer to a CLOCK_REGION.
WARNING: [Constraints 18-4434] Global Clock Buffer 'inst_static/inst_int_static/xdma_0/inst/pcie4c_ip_i/inst/design_static_xdma_0_0_pcie4c_ip_gt_top_i/diablo_gt.diablo_gt_phy_wrapper/gt_wizard.gtwizard_top_i/design_static_xdma_0_0_pcie4c_ip_gt_i/inst/gen_gtwizard_gtye4_top.design_static_xdma_0_0_pcie4c_ip_gt_gtwizard_gtye4_inst/gen_gtwizard_gtye4.gen_cpll_cal_gtye4.gen_cpll_cal_inst[4].gen_inst_cpll_cal.gtwizard_ultrascale_v1_7_13_gtye4_cpll_cal_inst/gtwizard_ultrascale_v1_7_13_gtye4_cpll_cal_tx_i/bufg_gt_txoutclkmon_inst' is LOCed to site 'BUFG_GT_X1Y47'. Using a LOC constraint to assign the placement of a Global Clock Buffer can result in sub-optimal placement results.
Resolution: Remove the LOC constraint and use the CLOCK_REGION constraint to assign a Global Clock Buffer to a CLOCK_REGION.
WARNING: [Constraints 18-4434] Global Clock Buffer 'inst_static/inst_int_static/xdma_0/inst/pcie4c_ip_i/inst/design_static_xdma_0_0_pcie4c_ip_gt_top_i/diablo_gt.diablo_gt_phy_wrapper/gt_wizard.gtwizard_top_i/design_static_xdma_0_0_pcie4c_ip_gt_i/inst/gen_gtwizard_gtye4_top.design_static_xdma_0_0_pcie4c_ip_gt_gtwizard_gtye4_inst/gen_gtwizard_gtye4.gen_cpll_cal_gtye4.gen_cpll_cal_inst[5].gen_inst_cpll_cal.gtwizard_ultrascale_v1_7_13_gtye4_cpll_cal_inst/gtwizard_ultrascale_v1_7_13_gtye4_cpll_cal_tx_i/bufg_gt_txoutclkmon_inst' is LOCed to site 'BUFG_GT_X1Y41'. Using a LOC constraint to assign the placement of a Global Clock Buffer can result in sub-optimal placement results.
Resolution: Remove the LOC constraint and use the CLOCK_REGION constraint to assign a Global Clock Buffer to a CLOCK_REGION.
WARNING: [Constraints 18-4434] Global Clock Buffer 'inst_static/inst_int_static/xdma_0/inst/pcie4c_ip_i/inst/design_static_xdma_0_0_pcie4c_ip_gt_top_i/diablo_gt.diablo_gt_phy_wrapper/gt_wizard.gtwizard_top_i/design_static_xdma_0_0_pcie4c_ip_gt_i/inst/gen_gtwizard_gtye4_top.design_static_xdma_0_0_pcie4c_ip_gt_gtwizard_gtye4_inst/gen_gtwizard_gtye4.gen_cpll_cal_gtye4.gen_cpll_cal_inst[6].gen_inst_cpll_cal.gtwizard_ultrascale_v1_7_13_gtye4_cpll_cal_inst/gtwizard_ultrascale_v1_7_13_gtye4_cpll_cal_tx_i/bufg_gt_txoutclkmon_inst' is LOCed to site 'BUFG_GT_X1Y31'. Using a LOC constraint to assign the placement of a Global Clock Buffer can result in sub-optimal placement results.
Resolution: Remove the LOC constraint and use the CLOCK_REGION constraint to assign a Global Clock Buffer to a CLOCK_REGION.
WARNING: [Constraints 18-4434] Global Clock Buffer 'inst_static/inst_int_static/xdma_0/inst/pcie4c_ip_i/inst/design_static_xdma_0_0_pcie4c_ip_gt_top_i/diablo_gt.diablo_gt_phy_wrapper/gt_wizard.gtwizard_top_i/design_static_xdma_0_0_pcie4c_ip_gt_i/inst/gen_gtwizard_gtye4_top.design_static_xdma_0_0_pcie4c_ip_gt_gtwizard_gtye4_inst/gen_gtwizard_gtye4.gen_cpll_cal_gtye4.gen_cpll_cal_inst[7].gen_inst_cpll_cal.gtwizard_ultrascale_v1_7_13_gtye4_cpll_cal_inst/gtwizard_ultrascale_v1_7_13_gtye4_cpll_cal_tx_i/bufg_gt_txoutclkmon_inst' is LOCed to site 'BUFG_GT_X1Y24'. Using a LOC constraint to assign the placement of a Global Clock Buffer can result in sub-optimal placement results.
Resolution: Remove the LOC constraint and use the CLOCK_REGION constraint to assign a Global Clock Buffer to a CLOCK_REGION.
WARNING: [Constraints 18-4434] Global Clock Buffer 'inst_static/inst_int_static/xdma_0/inst/pcie4c_ip_i/inst/design_static_xdma_0_0_pcie4c_ip_gt_top_i/diablo_gt.diablo_gt_phy_wrapper/gt_wizard.gtwizard_top_i/design_static_xdma_0_0_pcie4c_ip_gt_i/inst/gen_gtwizard_gtye4_top.design_static_xdma_0_0_pcie4c_ip_gt_gtwizard_gtye4_inst/gen_gtwizard_gtye4.gen_cpll_cal_gtye4.gen_cpll_cal_inst[8].gen_inst_cpll_cal.gtwizard_ultrascale_v1_7_13_gtye4_cpll_cal_inst/gtwizard_ultrascale_v1_7_13_gtye4_cpll_cal_tx_i/bufg_gt_txoutclkmon_inst' is LOCed to site 'BUFG_GT_X1Y71'. Using a LOC constraint to assign the placement of a Global Clock Buffer can result in sub-optimal placement results.
Resolution: Remove the LOC constraint and use the CLOCK_REGION constraint to assign a Global Clock Buffer to a CLOCK_REGION.
WARNING: [Constraints 18-4434] Global Clock Buffer 'inst_static/inst_int_static/xdma_0/inst/pcie4c_ip_i/inst/design_static_xdma_0_0_pcie4c_ip_gt_top_i/diablo_gt.diablo_gt_phy_wrapper/gt_wizard.gtwizard_top_i/design_static_xdma_0_0_pcie4c_ip_gt_i/inst/gen_gtwizard_gtye4_top.design_static_xdma_0_0_pcie4c_ip_gt_gtwizard_gtye4_inst/gen_gtwizard_gtye4.gen_cpll_cal_gtye4.gen_cpll_cal_inst[9].gen_inst_cpll_cal.gtwizard_ultrascale_v1_7_13_gtye4_cpll_cal_inst/gtwizard_ultrascale_v1_7_13_gtye4_cpll_cal_tx_i/bufg_gt_txoutclkmon_inst' is LOCed to site 'BUFG_GT_X1Y57'. Using a LOC constraint to assign the placement of a Global Clock Buffer can result in sub-optimal placement results.
Resolution: Remove the LOC constraint and use the CLOCK_REGION constraint to assign a Global Clock Buffer to a CLOCK_REGION.
WARNING: [Constraints 18-4434] Global Clock Buffer 'inst_static/inst_int_static/xdma_0/inst/pcie4c_ip_i/inst/design_static_xdma_0_0_pcie4c_ip_gt_top_i/diablo_gt.diablo_gt_phy_wrapper/phy_clk_i/bufg_gt_coreclk' is LOCed to site 'BUFG_GT_X1Y72'. Using a LOC constraint to assign the placement of a Global Clock Buffer can result in sub-optimal placement results.
Resolution: Remove the LOC constraint and use the CLOCK_REGION constraint to assign a Global Clock Buffer to a CLOCK_REGION.
WARNING: [Constraints 18-4434] Global Clock Buffer 'inst_static/inst_int_static/xdma_0/inst/pcie4c_ip_i/inst/design_static_xdma_0_0_pcie4c_ip_gt_top_i/diablo_gt.diablo_gt_phy_wrapper/phy_clk_i/bufg_gt_intclk' is LOCed to site 'BUFG_GT_X1Y84'. Using a LOC constraint to assign the placement of a Global Clock Buffer can result in sub-optimal placement results.
Resolution: Remove the LOC constraint and use the CLOCK_REGION constraint to assign a Global Clock Buffer to a CLOCK_REGION.
WARNING: [Constraints 18-4434] Global Clock Buffer 'inst_static/inst_int_static/xdma_0/inst/pcie4c_ip_i/inst/design_static_xdma_0_0_pcie4c_ip_gt_top_i/diablo_gt.diablo_gt_phy_wrapper/phy_clk_i/bufg_gt_mcapclk' is LOCed to site 'BUFG_GT_X1Y94'. Using a LOC constraint to assign the placement of a Global Clock Buffer can result in sub-optimal placement results.
Resolution: Remove the LOC constraint and use the CLOCK_REGION constraint to assign a Global Clock Buffer to a CLOCK_REGION.
WARNING: [Constraints 18-4434] Global Clock Buffer 'inst_static/inst_int_static/xdma_0/inst/pcie4c_ip_i/inst/design_static_xdma_0_0_pcie4c_ip_gt_top_i/diablo_gt.diablo_gt_phy_wrapper/phy_clk_i/bufg_gt_pclk' is LOCed to site 'BUFG_GT_X1Y82'. Using a LOC constraint to assign the placement of a Global Clock Buffer can result in sub-optimal placement results.
Resolution: Remove the LOC constraint and use the CLOCK_REGION constraint to assign a Global Clock Buffer to a CLOCK_REGION.
WARNING: [Constraints 18-4434] Global Clock Buffer 'inst_static/inst_int_static/xdma_0/inst/pcie4c_ip_i/inst/design_static_xdma_0_0_pcie4c_ip_gt_top_i/diablo_gt.diablo_gt_phy_wrapper/phy_clk_i/bufg_gt_userclk' is LOCed to site 'BUFG_GT_X1Y74'. Using a LOC constraint to assign the placement of a Global Clock Buffer can result in sub-optimal placement results.
Resolution: Remove the LOC constraint and use the CLOCK_REGION constraint to assign a Global Clock Buffer to a CLOCK_REGION.
Netlist sorting complete. Time (s): cpu = 00:00:00.13 ; elapsed = 00:00:00.13 . Memory (MB): peak = 9748.645 ; gain = 0.000 ; free physical = 22381 ; free virtual = 275749
INFO: [Project 1-111] Unisim Transformation Summary:
  A total of 2444 instances were transformed.
  DSP48E2 => DSP48E2 (DSP_ALU, DSP_A_B_DATA, DSP_C_DATA, DSP_MULTIPLIER, DSP_M_DATA, DSP_OUTPUT, DSP_PREADD, DSP_PREADD_DATA): 1211 instances
  RAM16X1D => RAM32X1D (RAMD32(x2)): 7 instances
  RAM256X1S => RAM256X1S (MUXF7(x2), MUXF8, RAMS64E(x4)): 9 instances
  RAM32M => RAM32M (RAMD32(x6), RAMS32(x2)): 27 instances
  RAM32M16 => RAM32M16 (RAMD32(x14), RAMS32(x2)): 932 instances
  RAM32X1D => RAM32X1D (RAMD32(x2)): 128 instances
  RAM64M => RAM64M (RAMD64E(x4)): 1 instance 
  RAM64M8 => RAM64M8 (RAMD64E(x8)): 127 instances
  SRLC32E => SRL16E: 2 instances

INFO: [Project 1-604] Checkpoint was created with Vivado v2024.2 (64-bit) build 5239630
open_checkpoint: Time (s): cpu = 00:06:51 ; elapsed = 00:04:08 . Memory (MB): peak = 9748.645 ; gain = 8281.773 ; free physical = 22400 ; free virtual = 275768
Command: write_bitstream -force -bin_file -no_binary_bitfile -cell inst_shell /pub/scratch/sdeheredia/Coyote/examples/ml_baseline/hls4ml/artifacts/coyote_accelerator_zero_in_e2e/20260516_183649/project/build/zero_in_coyote_accel_cyt_hw/bitstreams/shell_top.bit
Attempting to get a license for feature 'Implementation' and/or device 'xcu55c'
INFO: [Common 17-349] Got license for feature 'Implementation' and/or device 'xcu55c'
Running DRC as a precondition to command write_bitstream
INFO: [IP_Flow 19-234] Refreshing IP repositories
INFO: [IP_Flow 19-1704] No user IP repositories specified
INFO: [IP_Flow 19-2313] Loaded Vivado IP repository '/tools/Xilinx/Vivado/2024.2/data/ip'.
INFO: [DRC 23-27] Running DRC with 8 threads
INFO: [Vivado 12-3199] DRC finished with 0 Errors
INFO: [Vivado 12-3200] Please refer to the DRC report (report_drc) for more information.
Partition "pblock_inst_shell" Reconfigurable Module "inst_shell"
INFO: [Vivado 12-4077] No full design bitstream will be created with the use of the -cell option.
Process Partition "pblock_inst_shell"
INFO: [Designutils 20-2272] Running write_bitstream with 8 threads.
Loading data files...
Loading site data...
Loading route data...
Processing options...
Creating bitmap...
Creating bitstream...
Partial bitstream contains 402901952 bits.
Writing bitstream /pub/scratch/sdeheredia/Coyote/examples/ml_baseline/hls4ml/artifacts/coyote_accelerator_zero_in_e2e/20260516_183649/project/build/zero_in_coyote_accel_cyt_hw/bitstreams/shell_top.bin...
INFO: [Vivado 12-1842] Bitgen Completed Successfully.
INFO: [Common 17-83] Releasing license: Implementation
25 Infos, 52 Warnings, 0 Critical Warnings and 0 Errors encountered.
write_bitstream completed successfully
write_bitstream: Time (s): cpu = 00:23:32 ; elapsed = 00:10:35 . Memory (MB): peak = 13834.160 ; gain = 4085.516 ; free physical = 21354 ; free virtual = 274771
Command: write_bitstream -force -no_partial_bitfile /pub/scratch/sdeheredia/Coyote/examples/ml_baseline/hls4ml/artifacts/coyote_accelerator_zero_in_e2e/20260516_183649/project/build/zero_in_coyote_accel_cyt_hw/bitstreams/cyt_top.bit
Attempting to get a license for feature 'Implementation' and/or device 'xcu55c'
INFO: [Common 17-349] Got license for feature 'Implementation' and/or device 'xcu55c'
Running DRC as a precondition to command write_bitstream
INFO: [IP_Flow 19-1839] IP Catalog is up to date.
INFO: [DRC 23-27] Running DRC with 8 threads
INFO: [Vivado 12-3199] DRC finished with 0 Errors
INFO: [Vivado 12-3200] Please refer to the DRC report (report_drc) for more information.
Partition "pblock_inst_shell" Reconfigurable Module "inst_shell"
INFO: [Vivado 12-4752] Design contains reconfigurable partitions, but no partial bit files will be generated since -no_partial_bitfile option was specified.
INFO: [Designutils 20-2272] Running write_bitstream with 8 threads.
Loading data files...
Loading site data...
Loading route data...
Processing options...
Creating bitmap...
Creating bitstream...
Bitstream compression saved 164854816 bits.
Bitstream compression saved 90598688 bits.
Bitstream compression saved 33073696 bits.
Writing bitstream /pub/scratch/sdeheredia/Coyote/examples/ml_baseline/hls4ml/artifacts/coyote_accelerator_zero_in_e2e/20260516_183649/project/build/zero_in_coyote_accel_cyt_hw/bitstreams/cyt_top.bit...
INFO: [Vivado 12-1842] Bitgen Completed Successfully.
INFO: [Common 17-83] Releasing license: Implementation
34 Infos, 52 Warnings, 0 Critical Warnings and 0 Errors encountered.
write_bitstream completed successfully
write_bitstream: Time (s): cpu = 00:13:04 ; elapsed = 00:07:01 . Memory (MB): peak = 13834.160 ; gain = 0.000 ; free physical = 21916 ; free virtual = 275386
close_project: Time (s): cpu = 00:00:09 ; elapsed = 00:00:11 . Memory (MB): peak = 13834.160 ; gain = 0.000 ; free physical = 21958 ; free virtual = 275429

[1m[3214m**[m
[1m[3214m** Shell bitstreams generated[m
[1m[3214m**[m

INFO: [Common 17-206] Exiting Vivado at Sun May 17 00:02:49 2026...
