================================================================
== Design Size Report
================================================================

* Total Instructions per Compilation Phase
+---------------+-----------------------------+--------------+----------------------------------------------------------------------------------------+
| Phase         | Step                        | Instructions | Description                                                                            |
+---------------+-----------------------------+--------------+----------------------------------------------------------------------------------------+
| Compile/Link  |                             |  26,592      | After all functions are compiled and linked into a single design                       |
|               |                             |              |                                                                                        |
| Unroll/Inline |                             |              | After user unroll and inline pragmas are applied                                       |
|               | (1) unroll                  | 990,575 *    | user unroll pragmas are applied                                                        |
|               | (2) simplification          | 294,850 *    | simplification of applied user unroll pragmas                                          |
|               | (3) inline                  | 290,014 *    | user inline pragmas are applied                                                        |
|               | (4) simplification          | 287,182 *    | simplification of applied user inline pragmas                                          |
|               |                             |              |                                                                                        |
| Array/Struct  |                             |              | After user array partition and struct aggregate/disaggregate pragmas are applied       |
|               | (1) array partition         | 182,437 *    | user array partition pragmas are applied                                               |
|               | (2) simplification          | 102,433 *    | simplification of applied user array partition & struct aggregate/disaggregate pragmas |
|               | (3) aggregate/disaggregate  | 102,712 *    | user struct aggregate/disaggregate pragmas are applied                                 |
|               | (4) array reshape           |  86,153      | apply array reshape pragmas                                                            |
|               | (5) access patterns         |  85,797      | array access pattern optmizations                                                      |
|               |                             |              |                                                                                        |
| Performance   |                             |              | After transformations are applied to meet performance pragma targets                   |
|               | (1) loop simplification     |  86,387      | loop and instruction simplification                                                    |
|               | (2) parallelization         | 105,741 *    | loops are unrolled or pipelined to meet performance targets                            |
|               | (3) array partition         | 104,479 *    | arrays are partitioned to meet performance targets                                     |
|               | (4) simplification          | 104,479 *    | simplification of design after performance transformations                             |
|               |                             |              |                                                                                        |
| HW Transforms |                             |              | After hardware transfomations                                                          |
|               | (1) lowering                |  97,183      | initial conversion to HW specific instructions                                         |
|               | (2) optimizations           |  96,874      | high level synthesis optimizations                                                     |
+---------------+-----------------------------+--------------+----------------------------------------------------------------------------------------+
    * - Exceeded design size warning message threshold

* Instructions per Function for each Compilation Phase
+-------------------------------------------+-------------------------------+-----------------+---------------+--------------+-------------+---------------+
| Function                                  | Location                      | Compile/Link    | Unroll/Inline | Array/Struct | Performance | HW Transforms |
+-------------------------------------------+-------------------------------+-----------------+---------------+--------------+-------------+---------------+
| + model_wrapper                           | model_wrapper.cpp:20          | 26,592          | 287,182 *     | 85,797       | 104,479 *   | 96,874        |
|  + raw_bitstream_downsample_to_...        | zero_in_raw_downsample.hpp:46 | 3,484           |    372        |   386        |    350      |   320         |
|   + read_len_le                           | zero_in_raw_downsample.hpp:21 |    79           |               |              |             |               |
|      get_byte                             | zero_in_raw_downsample.hpp:16 |    55           |               |              |             |               |
|   + write_padding_tokens                  | zero_in_raw_downsample.hpp:39 | 1,198 (2 calls) |               |              |             |               |
|    + write_normalized_token               | zero_in_raw_downsample.hpp:31 | 1,138 (2 calls) |               |              |             |               |
|       operator[]                          | nnet_types.h:17               |     6 (2 calls) |               |              |             |               |
|     get_byte                              | zero_in_raw_downsample.hpp:16 |   165 (3 calls) |               |              |             |               |
|   + write_normalized_token                | zero_in_raw_downsample.hpp:31 | 1,707 (3 calls) |               |              |             |               |
|      operator[]                           | nnet_types.h:17               |     9 (3 calls) |               |              |             |               |
|  + zero_in_coyote_accel                   | zero_in_coyote_accel.cpp:7    | 22,672          | 286,698       | 84,936       | 103,684     | 96,461        |
|   + zeropad2d_cl<nnet::array<ap_...       | nnet_padding_stream.h:48      |   454           |     49        |    70        |     68      |    88         |
|    + fill_zero<nnet::array<ap_fix...      | nnet_padding_stream.h:8       |   332 (4 calls) |               |              |             |               |
|       operator[]                          | nnet_types.h:17               |    12 (4 calls) |               |              |             |               |
|    + fill_data<nnet::array<ap_fix...      | nnet_padding_stream.h:18      |    44           |               |              |             |               |
|       operator[]                          | nnet_types.h:17               |     6 (2 calls) |               |              |             |               |
|   + conv_2d_cl<nnet::array<ap_fi...       | nnet_conv2d_stream.h:67       |   912           |  2,621        | 1,208        |  1,178      | 1,207         |
|    + conv_2d_buffer_latency_cl<nn...      | nnet_conv2d_stream.h:14       |   909           |               |              |             |               |
|     + compute_output_buffer_2d<nne...     | nnet_conv_stream.h:251        |   852           |               |              |             |               |
|      + shift_line_buffer<nnet::arra...    | nnet_conv_stream.h:215        |   157           |               |              |             |               |
|         operator[]                        | nnet_types.h:19               |     3           |               |              |             |               |
|         kernel_shift_2d<nnet::array<...   | nnet_conv_stream.h:181        |    75           |               |              |             |               |
|      + dense                              | nnet_dense.h:50               |   593           |               |              |             |               |
|       + dense_latency<ap_fixed<16, 6...   | nnet_dense_latency.h:13       |   591           |               |              |             |               |
|          product                          | nnet_mult.h:70                |   141           |               |              |             |               |
|          cast<ap_fixed<16, 6, AP_TRN,...  | nnet_mult.h:110               |     3           |               |              |             |               |
|        operator[]                         | nnet_types.h:17               |     3           |               |              |             |               |
|    + compute_output_buffer_2d<nne...      | nnet_conv_stream.h:251        |                 |  2,596        | 1,178        |  1,156      | 1,180         |
|       shift_line_buffer<nnet::arra...     | nnet_conv_stream.h:215        |                 |     63        |    82        |     60      |    79         |
|       dense_latency<ap_fixed<16, 6...     | nnet_dense_latency.h:13       |                 |  2,430        |   964        |    964      |   965         |
|   + relu<nnet::array<ap_fixed<30...       | nnet_activation_stream.h:39   |   857           |    361        |   418        |    418      |   406         |
|      operator[]                           | nnet_types.h:17               |    12 (4 calls) |               |              |             |               |
|   + pooling2d_cl<nnet::array<ap_...       | nnet_pooling_stream.h:96      |   430           |    492        |   453        |    418      |   387         |
|    + compute_pool_buffer_2d<nnet:...      | nnet_pooling_stream.h:30      |   371           |               |              |             |               |
|     + shift_line_buffer<nnet::arra...     | nnet_conv_stream.h:215        |   157           |               |              |             |               |
|        operator[]                         | nnet_types.h:19               |     3           |               |              |             |               |
|        kernel_shift_2d<nnet::array<...    | nnet_conv_stream.h:181        |    75           |               |              |             |               |
|     + reduce_pool<ap_ufixed<8, 2, ...     | nnet_pooling_stream.h:17      |    92           |               |              |             |               |
|      + reduce<ap_ufixed<8, 2, AP_RN...    | nnet_common.h:37              |    89           |               |              |             |               |
|       + reduce<ap_ufixed<8, 2, AP_RN...   | nnet_common.h:37              |    60 (2 calls) |               |              |             |               |
|          operator()                       | nnet_common.h:66              |    40 (2 calls) |               |              |             |               |
|         operator()                        | nnet_common.h:66              |    20           |               |              |             |               |
|       operator[]                          | nnet_types.h:17               |     3           |               |              |             |               |
|      shift_line_buffer<nnet::arra...      | nnet_conv_stream.h:215        |                 |     99        |   169        |    121      |   122         |
|   + zeropad2d_cl<nnet::array<ap_...       | nnet_padding_stream.h:48      | 1,466           |     37        |   192        |  7,053      | 4,611         |
|    + fill_zero<nnet::array<ap_ufi...      | nnet_padding_stream.h:8       | 1,344 (4 calls) |               |              |             |               |
|       operator[]                          | nnet_types.h:17               |    12 (4 calls) |               |              |             |               |
|    + fill_data<nnet::array<ap_ufi...      | nnet_padding_stream.h:18      |    44           |               |              |             |               |
|       operator[]                          | nnet_types.h:17               |     6 (2 calls) |               |              |             |               |
|   + conv_2d_cl<nnet::array<ap_uf...       | nnet_conv2d_stream.h:67       |   912           | 18,829        | 5,114        |  5,039      | 5,082         |
|    + conv_2d_buffer_latency_cl<nn...      | nnet_conv2d_stream.h:14       |   909           |               |              |             |               |
|     + compute_output_buffer_2d<nne...     | nnet_conv_stream.h:251        |   852           |               |              |             |               |
|      + shift_line_buffer<nnet::arra...    | nnet_conv_stream.h:215        |   157           |               |              |             |               |
|         operator[]                        | nnet_types.h:19               |     3           |               |              |             |               |
|         kernel_shift_2d<nnet::array<...   | nnet_conv_stream.h:181        |    75           |               |              |             |               |
|      + dense                              | nnet_dense.h:50               |   593           |               |              |             |               |
|       + dense_latency<ap_ufixed<8, 2...   | nnet_dense_latency.h:13       |   591           |               |              |             |               |
|          product                          | nnet_mult.h:70                |   141           |               |              |             |               |
|          cast<ap_ufixed<8, 2, AP_RND_...  | nnet_mult.h:110               |     3           |               |              |             |               |
|        operator[]                         | nnet_types.h:17               |     3           |               |              |             |               |
|    + compute_output_buffer_2d<nne...      | nnet_conv_stream.h:251        |                 | 18,784        | 5,009        |  4,921      | 4,983         |
|       shift_line_buffer<nnet::arra...     | nnet_conv_stream.h:215        |                 |    195        |   297        |    209      |   258         |
|       dense_latency<ap_ufixed<8, 2...     | nnet_dense_latency.h:13       |                 | 18,488        | 4,502        |  4,502      | 4,503         |
|   + relu<nnet::array<ap_fixed<24...       | nnet_activation_stream.h:39   |   857           |    705        |   826        |    826      |   806         |
|      operator[]                           | nnet_types.h:17               |    12 (4 calls) |               |              |             |               |
|   + pooling2d_cl<nnet::array<ap_...       | nnet_pooling_stream.h:96      |   430           |    892        |   845        |    778      |   715         |
|    + compute_pool_buffer_2d<nnet:...      | nnet_pooling_stream.h:30      |   371           |               |              |             |               |
|     + shift_line_buffer<nnet::arra...     | nnet_conv_stream.h:215        |   157           |               |              |             |               |
|        operator[]                         | nnet_types.h:19               |     3           |               |              |             |               |
|        kernel_shift_2d<nnet::array<...    | nnet_conv_stream.h:181        |    75           |               |              |             |               |
|     + reduce_pool<ap_ufixed<8, 2, ...     | nnet_pooling_stream.h:17      |    92           |               |              |             |               |
|      + reduce<ap_ufixed<8, 2, AP_RN...    | nnet_common.h:37              |    89           |               |              |             |               |
|       + reduce<ap_ufixed<8, 2, AP_RN...   | nnet_common.h:37              |    60 (2 calls) |               |              |             |               |
|          operator()                       | nnet_common.h:66              |    40 (2 calls) |               |              |             |               |
|         operator()                        | nnet_common.h:66              |    20           |               |              |             |               |
|       operator[]                          | nnet_types.h:17               |     3           |               |              |             |               |
|      shift_line_buffer<nnet::arra...      | nnet_conv_stream.h:215        |                 |    195        |   337        |    241      |   242         |
|   + zeropad2d_cl<nnet::array<ap_...       | nnet_padding_stream.h:48      | 1,466           |     37        |   352        |  6,949      | 4,675         |
|    + fill_zero<nnet::array<ap_ufi...      | nnet_padding_stream.h:8       | 1,344 (4 calls) |               |              |             |               |
|       operator[]                          | nnet_types.h:17               |    12 (4 calls) |               |              |             |               |
|    + fill_data<nnet::array<ap_ufi...      | nnet_padding_stream.h:18      |    44           |               |              |             |               |
|       operator[]                          | nnet_types.h:17               |     6 (2 calls) |               |              |             |               |
|   + conv_2d_cl<nnet::array<ap_uf...       | nnet_conv2d_stream.h:67       |   912           | 55,605        | 13,818       | 13,671      | 13,746        |
|    + conv_2d_buffer_latency_cl<nn...      | nnet_conv2d_stream.h:14       |   909           |               |              |             |               |
|     + compute_output_buffer_2d<nne...     | nnet_conv_stream.h:251        |   852           |               |              |             |               |
|      + shift_line_buffer<nnet::arra...    | nnet_conv_stream.h:215        |   157           |               |              |             |               |
|         operator[]                        | nnet_types.h:19               |     3           |               |              |             |               |
|         kernel_shift_2d<nnet::array<...   | nnet_conv_stream.h:181        |    75           |               |              |             |               |
|      + dense                              | nnet_dense.h:50               |   593           |               |              |             |               |
|       + dense_latency<ap_ufixed<8, 2...   | nnet_dense_latency.h:13       |   591           |               |              |             |               |
|          product                          | nnet_mult.h:70                |   141           |               |              |             |               |
|          cast<ap_ufixed<8, 2, AP_RND_...  | nnet_mult.h:110               |     3           |               |              |             |               |
|        operator[]                         | nnet_types.h:17               |     3           |               |              |             |               |
|    + compute_output_buffer_2d<nne...      | nnet_conv_stream.h:251        |                 | 55,536        | 13,625       | 13,449      | 13,567        |
|       shift_line_buffer<nnet::arra...     | nnet_conv_stream.h:215        |                 |    387        |   593        |    417      |   514         |
|       dense_latency<ap_ufixed<8, 2...     | nnet_dense_latency.h:13       |                 | 54,952        | 12,742       | 12,742      | 12,743        |
|   + relu<nnet::array<ap_fixed<25...       | nnet_activation_stream.h:39   |   857           |  1,049        | 1,234        |  1,234      | 1,206         |
|      operator[]                           | nnet_types.h:17               |    12 (4 calls) |               |              |             |               |
|   + pooling2d_cl<nnet::array<ap_...       | nnet_pooling_stream.h:96      |   430           |  1,292        | 1,237        |  1,138      | 1,043         |
|    + compute_pool_buffer_2d<nnet:...      | nnet_pooling_stream.h:30      |   371           |               |              |             |               |
|     + shift_line_buffer<nnet::arra...     | nnet_conv_stream.h:215        |   157           |               |              |             |               |
|        operator[]                         | nnet_types.h:19               |     3           |               |              |             |               |
|        kernel_shift_2d<nnet::array<...    | nnet_conv_stream.h:181        |    75           |               |              |             |               |
|     + reduce_pool<ap_ufixed<8, 3, ...     | nnet_pooling_stream.h:17      |    92           |               |              |             |               |
|      + reduce<ap_ufixed<8, 3, AP_RN...    | nnet_common.h:37              |    89           |               |              |             |               |
|       + reduce<ap_ufixed<8, 3, AP_RN...   | nnet_common.h:37              |    60 (2 calls) |               |              |             |               |
|          operator()                       | nnet_common.h:66              |    40 (2 calls) |               |              |             |               |
|         operator()                        | nnet_common.h:66              |    20           |               |              |             |               |
|       operator[]                          | nnet_types.h:17               |     3           |               |              |             |               |
|      shift_line_buffer<nnet::arra...      | nnet_conv_stream.h:215        |                 |    291        |   505        |    361      |   362         |
|   + zeropad2d_cl<nnet::array<ap_...       | nnet_padding_stream.h:48      | 1,466           |     37        |   512        |  5,261      | 3,571         |
|    + fill_zero<nnet::array<ap_ufi...      | nnet_padding_stream.h:8       | 1,344 (4 calls) |               |              |             |               |
|       operator[]                          | nnet_types.h:17               |    12 (4 calls) |               |              |             |               |
|    + fill_data<nnet::array<ap_ufi...      | nnet_padding_stream.h:18      |    44           |               |              |             |               |
|       operator[]                          | nnet_types.h:17               |     6 (2 calls) |               |              |             |               |
|   + conv_2d_cl<nnet::array<ap_uf...       | nnet_conv2d_stream.h:67       |   912           | 83,129        | 20,293       | 20,074      | 20,173        |
|    + conv_2d_buffer_latency_cl<nn...      | nnet_conv2d_stream.h:14       |   909           |               |              |             |               |
|     + compute_output_buffer_2d<nne...     | nnet_conv_stream.h:251        |   852           |               |              |             |               |
|      + shift_line_buffer<nnet::arra...    | nnet_conv_stream.h:215        |   157           |               |              |             |               |
|         operator[]                        | nnet_types.h:19               |     3           |               |              |             |               |
|         kernel_shift_2d<nnet::array<...   | nnet_conv_stream.h:181        |    75           |               |              |             |               |
|      + dense                              | nnet_dense.h:50               |   593           |               |              |             |               |
|       + dense_latency<ap_ufixed<8, 3...   | nnet_dense_latency.h:13       |   591           |               |              |             |               |
|          product                          | nnet_mult.h:70                |   141           |               |              |             |               |
|          cast<ap_ufixed<8, 3, AP_RND_...  | nnet_mult.h:110               |     3           |               |              |             |               |
|        operator[]                         | nnet_types.h:17               |     3           |               |              |             |               |
|    + compute_output_buffer_2d<nne...      | nnet_conv_stream.h:251        |                 | 83,036        | 20,012       | 19,748      | 19,914        |
|       shift_line_buffer<nnet::arra...     | nnet_conv_stream.h:215        |                 |    579        |   889        |    625      |   770         |
|       dense_latency<ap_ufixed<8, 3...     | nnet_dense_latency.h:13       |                 | 82,260        | 18,833       | 18,833      | 18,834        |
|   + relu<nnet::array<ap_fixed<25...       | nnet_activation_stream.h:39   |   857           |  1,049        | 1,234        |  1,234      | 1,206         |
|      operator[]                           | nnet_types.h:17               |    12 (4 calls) |               |              |             |               |
|   + pooling2d_cl<nnet::array<ap_...       | nnet_pooling_stream.h:96      |   430           |  1,292        | 1,237        |  1,138      | 1,043         |
|    + compute_pool_buffer_2d<nnet:...      | nnet_pooling_stream.h:30      |   371           |               |              |             |               |
|     + shift_line_buffer<nnet::arra...     | nnet_conv_stream.h:215        |   157           |               |              |             |               |
|        operator[]                         | nnet_types.h:19               |     3           |               |              |             |               |
|        kernel_shift_2d<nnet::array<...    | nnet_conv_stream.h:181        |    75           |               |              |             |               |
|     + reduce_pool<ap_ufixed<8, 4, ...     | nnet_pooling_stream.h:17      |    92           |               |              |             |               |
|      + reduce<ap_ufixed<8, 4, AP_RN...    | nnet_common.h:37              |    89           |               |              |             |               |
|       + reduce<ap_ufixed<8, 4, AP_RN...   | nnet_common.h:37              |    60 (2 calls) |               |              |             |               |
|          operator()                       | nnet_common.h:66              |    40 (2 calls) |               |              |             |               |
|         operator()                        | nnet_common.h:66              |    20           |               |              |             |               |
|       operator[]                          | nnet_types.h:17               |     3           |               |              |             |               |
|      shift_line_buffer<nnet::arra...      | nnet_conv_stream.h:215        |                 |    291        |   505        |    361      |   362         |
|   + zeropad2d_cl<nnet::array<ap_...       | nnet_padding_stream.h:48      | 1,466           |     37        |   512        |  2,725      | 1,851         |
|    + fill_zero<nnet::array<ap_ufi...      | nnet_padding_stream.h:8       | 1,344 (4 calls) |               |              |             |               |
|       operator[]                          | nnet_types.h:17               |    12 (4 calls) |               |              |             |               |
|    + fill_data<nnet::array<ap_ufi...      | nnet_padding_stream.h:18      |    44           |               |              |             |               |
|       operator[]                          | nnet_types.h:17               |     6 (2 calls) |               |              |             |               |
|   + conv_2d_cl<nnet::array<ap_uf...       | nnet_conv2d_stream.h:67       |   912           | 110,221       | 26,025       | 25,806      | 25,913        |
|    + conv_2d_buffer_latency_cl<nn...      | nnet_conv2d_stream.h:14       |   909           |               |              |             |               |
|     + compute_output_buffer_2d<nne...     | nnet_conv_stream.h:251        |   852           |               |              |             |               |
|      + shift_line_buffer<nnet::arra...    | nnet_conv_stream.h:215        |   157           |               |              |             |               |
|         operator[]                        | nnet_types.h:19               |     3           |               |              |             |               |
|         kernel_shift_2d<nnet::array<...   | nnet_conv_stream.h:181        |    75           |               |              |             |               |
|      + dense                              | nnet_dense.h:50               |   593           |               |              |             |               |
|       + dense_latency<ap_ufixed<8, 4...   | nnet_dense_latency.h:13       |   591           |               |              |             |               |
|          product                          | nnet_mult.h:70                |   141           |               |              |             |               |
|          cast<ap_ufixed<8, 4, AP_RND_...  | nnet_mult.h:110               |     3           |               |              |             |               |
|        operator[]                         | nnet_types.h:17               |     3           |               |              |             |               |
|    + compute_output_buffer_2d<nne...      | nnet_conv_stream.h:251        |                 | 110,128       | 25,744       | 25,480      | 25,654        |
|       shift_line_buffer<nnet::arra...     | nnet_conv_stream.h:215        |                 |    579        |   889        |    625      |   770         |
|       dense_latency<ap_ufixed<8, 4...     | nnet_dense_latency.h:13       |                 | 109,304       | 24,485       | 24,485      | 24,486        |
|   + relu<nnet::array<ap_fixed<25...       | nnet_activation_stream.h:39   |   857           |  1,393        | 1,642        |  1,642      | 1,606         |
|      operator[]                           | nnet_types.h:17               |    12 (4 calls) |               |              |             |               |
|   + pooling2d_cl<nnet::array<ap_...       | nnet_pooling_stream.h:96      |   430           |  1,765        | 1,629        |  1,498      | 1,371         |
|    + compute_pool_buffer_2d<nnet:...      | nnet_pooling_stream.h:30      |   371           |               |              |             |               |
|     + shift_line_buffer<nnet::arra...     | nnet_conv_stream.h:215        |   157           |               |              |             |               |
|        operator[]                         | nnet_types.h:19               |     3           |               |              |             |               |
|        kernel_shift_2d<nnet::array<...    | nnet_conv_stream.h:181        |    75           |               |              |             |               |
|     + reduce_pool<ap_ufixed<8, 5, ...     | nnet_pooling_stream.h:17      |    92           |               |              |             |               |
|      + reduce<ap_ufixed<8, 5, AP_RN...    | nnet_common.h:37              |    89           |               |              |             |               |
|       + reduce<ap_ufixed<8, 5, AP_RN...   | nnet_common.h:37              |    60 (2 calls) |               |              |             |               |
|          operator()                       | nnet_common.h:66              |    40 (2 calls) |               |              |             |               |
|         operator()                        | nnet_common.h:66              |    20           |               |              |             |               |
|       operator[]                          | nnet_types.h:17               |     3           |               |              |             |               |
|      shift_line_buffer<nnet::arra...      | nnet_conv_stream.h:215        |                 |    387        |   673        |    481      |   482         |
|   + pooling2d_cl<nnet::array<ap_...       | nnet_pooling_stream.h:96      | 4,409           |  5,247        | 5,373        |  4,922      | 5,179         |
|    + compute_pool_buffer_2d<nnet:...      | nnet_pooling_stream.h:30      | 4,350           |               |              |             |               |
|     + shift_line_buffer<nnet::arra...     | nnet_conv_stream.h:215        |   157           |               |              |             |               |
|        operator[]                         | nnet_types.h:19               |     3           |               |              |             |               |
|        kernel_shift_2d<nnet::array<...    | nnet_conv_stream.h:181        |    75           |               |              |             |               |
|     + reduce_pool<ap_ufixed<16, 9,...     | nnet_pooling_stream.h:17      | 3,615           |               |              |             |               |
|      + reduce<ap_ufixed<16, 9, AP_T...    | nnet_common.h:37              | 3,503           |               |              |             |               |
|       + reduce<ap_ufixed<16, 9, AP_T...   | nnet_common.h:37              | 3,270 (2 calls) |               |              |             |               |
|        + reduce<ap_ufixed<16, 9, AP_T...  | nnet_common.h:37              | 2,804 (4 calls) |               |              |             |               |
|         + reduce<ap_ufixed<16, 9, AP_T... | nnet_common.h:37              | 1,872 (8 calls) |               |              |             |               |
|            operator()                     | nnet_common.h:51              | 1,792 (8 calls) |               |              |             |               |
|           operator()                      | nnet_common.h:51              |   896 (4 calls) |               |              |             |               |
|          operator()                       | nnet_common.h:51              |   448 (2 calls) |               |              |             |               |
|         operator()                        | nnet_common.h:51              |   224           |               |              |             |               |
|       operator[]                          | nnet_types.h:17               |     3           |               |              |             |               |
|      shift_line_buffer<nnet::arra...      | nnet_conv_stream.h:215        |                 |  1,641        | 1,825        |  1,313      | 1,698         |
|   + dense<nnet::array<ap_ufixed<...       | nnet_dense_stream.h:82        |   759           |    467        |   626        |    528      |   488         |
|    + data_prepare<nnet::array<ap_...      | nnet_dense_stream.h:28        |    75           |               |              |             |               |
|       operator[]                          | nnet_types.h:17               |     6 (2 calls) |               |              |             |               |
|    + dense_latency_wrapper<ap_ufi...      | nnet_dense_stream.h:13        |   593           |    358        |   323        |    289      |   290         |
|     + dense_latency<ap_ufixed<8, 5...     | nnet_dense_latency.h:13       |   591           |    356        |   321        |             |               |
|        product                            | nnet_mult.h:70                |   141           |               |              |             |               |
|        cast<ap_ufixed<8, 5, AP_RND_...    | nnet_mult.h:110               |     3           |               |              |             |               |
|    + res_write<nnet::array<ap_fix...      | nnet_dense_stream.h:53        |    71           |               |              |             |               |
|       operator[]                          | nnet_types.h:17               |     6 (2 calls) |               |              |             |               |
|  + data_to_axi_stream<nnet::arr...        | nnet_axi_utils_stream.h:10    |   411           |     88        |   106        |     76      |    69         |
|     operator[]                            | nnet_types.h:17               |     3           |               |              |             |               |
+-------------------------------------------+-------------------------------+-----------------+---------------+--------------+-------------+---------------+
    * - Exceeded design size warning message threshold

* Design Size Message Settings
+---------------------------------------------+--------+------------------------------------------------------------------+
| Message Setting                             | Value  | Description                                                      |
+---------------------------------------------+--------+------------------------------------------------------------------+
| config_compile -design_size_maximum_warning | 100000 | Show a warning when total design instructions exceeds this value |
+---------------------------------------------+--------+------------------------------------------------------------------+


