

================================================================
== Vitis HLS Report for 'model_wrapper'
================================================================
* Date:           Sat May  9 18:00:10 2026

* Version:        2024.2 (Build 5238294 on Nov  8 2024)
* Project:        model_wrapper_c0_0
* Solution:       solution1 (Vivado IP Flow Target)
* Product family: virtexuplusHBM
* Target device:  xcu55c-fsvh2892-2L-e


================================================================
== Performance Estimates
================================================================
+ Timing: 
    * Summary: 
    +--------+---------+----------+------------+
    |  Clock |  Target | Estimated| Uncertainty|
    +--------+---------+----------+------------+
    |ap_clk  |  4.00 ns|  2.920 ns|     1.08 ns|
    +--------+---------+----------+------------+

+ Latency: 
    * Summary: 
    +---------+---------+----------+----------+--------+--------+---------+
    |  Latency (cycles) |  Latency (absolute) |     Interval    | Pipeline|
    |   min   |   max   |    min   |    max   |   min  |   max  |   Type  |
    +---------+---------+----------+----------+--------+--------+---------+
    |   335966|   335966|  1.344 ms|  1.344 ms|  335967|  335967|       no|
    +---------+---------+----------+----------+--------+--------+---------+

    + Detail: 
        * Instance: 
        +----------------------------------------------------------------------------------+----------------------------------------------------------------------+---------+---------+-----------+-----------+--------+--------+------------------------------------------------+
        |                                                                                  |                                                                      |  Latency (cycles) |   Latency (absolute)  |     Interval    |                    Pipeline                    |
        |                                     Instance                                     |                                Module                                |   min   |   max   |    min    |    max    |   min  |   max  |                      Type                      |
        +----------------------------------------------------------------------------------+----------------------------------------------------------------------+---------+---------+-----------+-----------+--------+--------+------------------------------------------------+
        |grp_axi_stream_to_data_array_ap_fixed_1u_float_65536u_512u_32u_s_fu_4060          |axi_stream_to_data_array_ap_fixed_1u_float_65536u_512u_32u_s          |    65541|    65541|   0.262 ms|   0.262 ms|   65540|   65540|  loop auto-rewind stp (delay=0 clock cycles(s))|
        |grp_zero_in_coyote_accel_fu_4073                                                  |zero_in_coyote_accel                                                  |   270416|   270416|   1.082 ms|   1.082 ms|  270402|  270402|                                        dataflow|
        |grp_data_to_axi_stream_array_ap_fixed_22_12_5_3_0_1u_float_1u_512u_32u_s_fu_8065  |data_to_axi_stream_array_ap_fixed_22_12_5_3_0_1u_float_1u_512u_32u_s  |        3|        3|  12.000 ns|  12.000 ns|       1|       1|                                             yes|
        +----------------------------------------------------------------------------------+----------------------------------------------------------------------+---------+---------+-----------+-----------+--------+--------+------------------------------------------------+

        * Loop: 
        N/A



================================================================
== Utilization Estimates
================================================================
* Summary: 
+---------------------+---------+------+---------+---------+-----+
|         Name        | BRAM_18K|  DSP |    FF   |   LUT   | URAM|
+---------------------+---------+------+---------+---------+-----+
|DSP                  |        -|     -|        -|        -|    -|
|Expression           |        -|     -|        0|        4|    -|
|FIFO                 |        1|     -|      131|       98|    -|
|Instance             |      185|    53|   136168|   413644|    -|
|Memory               |        -|     -|        -|        -|    -|
|Multiplexer          |        -|     -|        0|      149|    -|
|Register             |        -|     -|      656|        -|    -|
+---------------------+---------+------+---------+---------+-----+
|Total                |      186|    53|   136955|   413895|    0|
+---------------------+---------+------+---------+---------+-----+
|Available SLR        |     1344|  3008|   869120|   434560|  320|
+---------------------+---------+------+---------+---------+-----+
|Utilization SLR (%)  |       13|     1|       15|       95|    0|
+---------------------+---------+------+---------+---------+-----+
|Available            |     4032|  9024|  2607360|  1303680|  960|
+---------------------+---------+------+---------+---------+-----+
|Utilization (%)      |        4|    ~0|        5|       31|    0|
+---------------------+---------+------+---------+---------+-----+

+ Detail: 
    * Instance: 
    +----------------------------------------------------------------------------------+----------------------------------------------------------------------+---------+----+--------+--------+-----+
    |                                     Instance                                     |                                Module                                | BRAM_18K| DSP|   FF   |   LUT  | URAM|
    +----------------------------------------------------------------------------------+----------------------------------------------------------------------+---------+----+--------+--------+-----+
    |grp_axi_stream_to_data_array_ap_fixed_1u_float_65536u_512u_32u_s_fu_4060          |axi_stream_to_data_array_ap_fixed_1u_float_65536u_512u_32u_s          |        0|   0|    2307|    9594|    0|
    |grp_data_to_axi_stream_array_ap_fixed_22_12_5_3_0_1u_float_1u_512u_32u_s_fu_8065  |data_to_axi_stream_array_ap_fixed_22_12_5_3_0_1u_float_1u_512u_32u_s  |        0|   0|      61|     358|    0|
    |grp_zero_in_coyote_accel_fu_4073                                                  |zero_in_coyote_accel                                                  |      185|  53|  133800|  403692|    0|
    +----------------------------------------------------------------------------------+----------------------------------------------------------------------+---------+----+--------+--------+-----+
    |Total                                                                             |                                                                      |      185|  53|  136168|  413644|    0|
    +----------------------------------------------------------------------------------+----------------------------------------------------------------------+---------+----+--------+--------+-----+

    * DSP: 
    N/A

    * Memory: 
    N/A

    * FIFO: 
    +------------------------+---------+----+----+-----+-------+-----+---------+
    |          Name          | BRAM_18K| FF | LUT| URAM| Depth | Bits| Size:D*B|
    +------------------------+---------+----+----+-----+-------+-----+---------+
    |bitstream_input_fifo_U  |        1|  63|   0|    -|  65536|   16|  1048576|
    |layer29_out_fifo_U      |        0|  68|   0|    -|      1|   22|       22|
    +------------------------+---------+----+----+-----+-------+-----+---------+
    |Total                   |        1| 131|   0|    0|  65537|   38|  1048598|
    +------------------------+---------+----+----+-----+-------+-----+---------+

    * Expression: 
    +--------------------------------------------------------------------------------------------------+----------+----+---+----+------------+------------+
    |                                           Variable Name                                          | Operation| DSP| FF| LUT| Bitwidth P0| Bitwidth P1|
    +--------------------------------------------------------------------------------------------------+----------+----+---+----+------------+------------+
    |grp_data_to_axi_stream_array_ap_fixed_22_12_5_3_0_1u_float_1u_512u_32u_s_fu_8065_data_out_TREADY  |       and|   0|  0|   2|           1|           1|
    |ap_sync_grp_zero_in_coyote_accel_fu_4073_ap_ready                                                 |        or|   0|  0|   2|           1|           1|
    +--------------------------------------------------------------------------------------------------+----------+----+---+----+------------+------------+
    |Total                                                                                             |          |   0|  0|   4|           2|           2|
    +--------------------------------------------------------------------------------------------------+----------+----+---+----+------------+------------+

    * Multiplexer: 
    +-----------------------------+----+-----------+-----+-----------+
    |             Name            | LUT| Input Size| Bits| Total Bits|
    +-----------------------------+----+-----------+-----+-----------+
    |ap_NS_fsm                    |  59|         11|    1|         11|
    |bitstream_input_read         |   9|          2|    1|          2|
    |bitstream_input_write        |   9|          2|    1|          2|
    |data_in_TREADY_int_regslice  |   9|          2|    1|          2|
    |data_out_TDATA_blk_n         |   9|          2|    1|          2|
    |data_out_TDATA_int_regslice  |   9|          2|  512|       1024|
    |data_out_TKEEP_int_regslice  |   9|          2|   64|        128|
    |data_out_TLAST_int_regslice  |   9|          2|    1|          2|
    |data_out_TSTRB_int_regslice  |   9|          2|   64|        128|
    |layer29_out_read             |   9|          2|    1|          2|
    |layer29_out_write            |   9|          2|    1|          2|
    +-----------------------------+----+-----------+-----+-----------+
    |Total                        | 149|         31|  648|       1305|
    +-----------------------------+----+-----------+-----+-----------+

    * Register: 
    +-----------------------------------------------------------------------------------------------+-----+----+-----+-----------+
    |                                              Name                                             |  FF | LUT| Bits| Const Bits|
    +-----------------------------------------------------------------------------------------------+-----+----+-----+-----------+
    |ap_CS_fsm                                                                                      |   10|   0|   10|          0|
    |ap_sync_reg_grp_zero_in_coyote_accel_fu_4073_ap_done                                           |    1|   0|    1|          0|
    |ap_sync_reg_grp_zero_in_coyote_accel_fu_4073_ap_ready                                          |    1|   0|    1|          0|
    |data_out_TDATA_reg                                                                             |  512|   0|  512|          0|
    |data_out_TKEEP_reg                                                                             |   64|   0|   64|          0|
    |data_out_TLAST_reg                                                                             |    1|   0|    1|          0|
    |data_out_TSTRB_reg                                                                             |   64|   0|   64|          0|
    |grp_axi_stream_to_data_array_ap_fixed_1u_float_65536u_512u_32u_s_fu_4060_ap_start_reg          |    1|   0|    1|          0|
    |grp_data_to_axi_stream_array_ap_fixed_22_12_5_3_0_1u_float_1u_512u_32u_s_fu_8065_ap_start_reg  |    1|   0|    1|          0|
    |grp_zero_in_coyote_accel_fu_4073_ap_start_reg                                                  |    1|   0|    1|          0|
    +-----------------------------------------------------------------------------------------------+-----+----+-----+-----------+
    |Total                                                                                          |  656|   0|  656|          0|
    +-----------------------------------------------------------------------------------------------+-----+----+-----+-----------+



================================================================
== Interface
================================================================
* Summary: 
+-----------------+-----+-----+--------------+-------------------+--------------+
|    RTL Ports    | Dir | Bits|   Protocol   |   Source Object   |    C Type    |
+-----------------+-----+-----+--------------+-------------------+--------------+
|ap_clk           |   in|    1|  ap_ctrl_none|      model_wrapper|  return value|
|ap_rst_n         |   in|    1|  ap_ctrl_none|      model_wrapper|  return value|
|data_in_TDATA    |   in|  512|          axis|   data_in_V_data_V|       pointer|
|data_in_TVALID   |   in|    1|          axis|   data_in_V_last_V|       pointer|
|data_in_TREADY   |  out|    1|          axis|   data_in_V_last_V|       pointer|
|data_in_TLAST    |   in|    1|          axis|   data_in_V_last_V|       pointer|
|data_in_TKEEP    |   in|   64|          axis|   data_in_V_keep_V|       pointer|
|data_in_TSTRB    |   in|   64|          axis|   data_in_V_strb_V|       pointer|
|data_out_TDATA   |  out|  512|          axis|  data_out_V_data_V|       pointer|
|data_out_TVALID  |  out|    1|          axis|  data_out_V_last_V|       pointer|
|data_out_TREADY  |   in|    1|          axis|  data_out_V_last_V|       pointer|
|data_out_TLAST   |  out|    1|          axis|  data_out_V_last_V|       pointer|
|data_out_TKEEP   |  out|   64|          axis|  data_out_V_keep_V|       pointer|
|data_out_TSTRB   |  out|   64|          axis|  data_out_V_strb_V|       pointer|
+-----------------+-----+-----+--------------+-------------------+--------------+

