Copyright 1986-2022 Xilinx, Inc. All Rights Reserved. Copyright 2022-2024 Advanced Micro Devices, Inc. All Rights Reserved.
---------------------------------------------------------------------------------------------------------------------------------------------
| Tool Version : Vivado v.2024.2 (lin64) Build 5239630 Fri Nov 08 22:34:34 MST 2024
| Date         : Fri May 22 04:36:23 2026
| Host         : hacc-build-02.inf.ethz.ch running 64-bit Ubuntu 22.04.5 LTS
| Command      : report_utilization -file shell_top_utilization_synth.rpt -pb shell_top_utilization_synth.pb
| Design       : shell_top
| Device       : xcu55c-fsvh2892-2L-e
| Speed File   : -2L
| Design State : Synthesized
---------------------------------------------------------------------------------------------------------------------------------------------

Utilization Design Information

Table of Contents
-----------------
1. CLB Logic
1.1 Summary of Registers by Type
2. BLOCKRAM
3. ARITHMETIC
4. I/O
5. CLOCK
6. ADVANCED
7. CONFIGURATION
8. Primitives
9. Black Boxes
10. Instantiated Netlists
11. SLR Connectivity
12. SLR Connectivity Matrix
13. SLR IO Utilization

1. CLB Logic
------------

+----------------------------+-------+-------+------------+-----------+-------+
|          Site Type         |  Used | Fixed | Prohibited | Available | Util% |
+----------------------------+-------+-------+------------+-----------+-------+
| CLB LUTs*                  |  5649 |     0 |          0 |   1303680 |  0.43 |
|   LUT as Logic             |  5457 |     0 |          0 |   1303680 |  0.42 |
|   LUT as Memory            |   192 |     0 |          0 |    600960 |  0.03 |
|     LUT as Distributed RAM |     0 |     0 |            |           |       |
|     LUT as Shift Register  |   192 |     0 |            |           |       |
| CLB Registers              | 10552 |     0 |          0 |   2607360 |  0.40 |
|   Register as Flip Flop    | 10552 |     0 |          0 |   2607360 |  0.40 |
|   Register as Latch        |     0 |     0 |          0 |   2607360 |  0.00 |
| CARRY8                     |   262 |     0 |          0 |    162960 |  0.16 |
| F7 Muxes                   |   664 |     0 |          0 |    651840 |  0.10 |
| F8 Muxes                   |   221 |     0 |          0 |    325920 |  0.07 |
| F9 Muxes                   |     0 |     0 |          0 |    162960 |  0.00 |
+----------------------------+-------+-------+------------+-----------+-------+
* Warning! The Final LUT count, after physical optimizations and full implementation, is typically lower. Run opt_design after synthesis, if not already completed, for a more realistic count.
Warning! LUT value is adjusted to account for LUT combining.
Warning! For any ECO changes, please run place_design if there are unplaced instances


1.1 Summary of Registers by Type
--------------------------------

+-------+--------------+-------------+--------------+
| Total | Clock Enable | Synchronous | Asynchronous |
+-------+--------------+-------------+--------------+
| 0     |            _ |           - |            - |
| 0     |            _ |           - |          Set |
| 0     |            _ |           - |        Reset |
| 0     |            _ |         Set |            - |
| 0     |            _ |       Reset |            - |
| 0     |          Yes |           - |            - |
| 0     |          Yes |           - |          Set |
| 0     |          Yes |           - |        Reset |
| 6     |          Yes |         Set |            - |
| 10546 |          Yes |       Reset |            - |
+-------+--------------+-------------+--------------+


2. BLOCKRAM
-----------

+-------------------+------+-------+------------+-----------+-------+
|     Site Type     | Used | Fixed | Prohibited | Available | Util% |
+-------------------+------+-------+------------+-----------+-------+
| Block RAM Tile    |   26 |     0 |          0 |      2016 |  1.29 |
|   RAMB36/FIFO*    |   24 |     0 |          0 |      2016 |  1.19 |
|     RAMB36E2 only |   24 |       |            |           |       |
|   RAMB18          |    4 |     0 |          0 |      4032 |  0.10 |
|     RAMB18E2 only |    4 |       |            |           |       |
| URAM              |    0 |     0 |          0 |       960 |  0.00 |
+-------------------+------+-------+------------+-----------+-------+
* Note: Each Block RAM Tile only has one FIFO logic available and therefore can accommodate only one FIFO36E2 or one FIFO18E2. However, if a FIFO18E2 occupies a Block RAM Tile, that tile can still accommodate a RAMB18E2


3. ARITHMETIC
-------------

+-----------+------+-------+------------+-----------+-------+
| Site Type | Used | Fixed | Prohibited | Available | Util% |
+-----------+------+-------+------------+-----------+-------+
| DSPs      |    0 |     0 |          0 |      9024 |  0.00 |
+-----------+------+-------+------------+-----------+-------+


4. I/O
------

+------------+------+-------+------------+-----------+-------+
|  Site Type | Used | Fixed | Prohibited | Available | Util% |
+------------+------+-------+------------+-----------+-------+
| Bonded IOB |    1 |     0 |          0 |       624 |  0.16 |
+------------+------+-------+------------+-----------+-------+


5. CLOCK
--------

+------------+------+-------+------------+-----------+-------+
|  Site Type | Used | Fixed | Prohibited | Available | Util% |
+------------+------+-------+------------+-----------+-------+
| BUFGCE     |    0 |     0 |          0 |       288 |  0.00 |
| BUFGCE_DIV |    0 |     0 |          0 |        48 |  0.00 |
| BUFG_GT    |    0 |     0 |          0 |       576 |  0.00 |
| BUFGCTRL*  |    0 |     0 |          0 |        96 |  0.00 |
| PLL        |    0 |     0 |          0 |        24 |  0.00 |
| MMCM       |    0 |     0 |          0 |        12 |  0.00 |
+------------+------+-------+------------+-----------+-------+
* Note: Each used BUFGCTRL counts as two GLOBAL CLOCK BUFFERs. This table does not include global clocking resources, only buffer cell usage. See the Clock Utilization Report (report_clock_utilization) for detailed accounting of global clocking resource availability.


6. ADVANCED
-----------

+----------------------+------+-------+------------+-----------+-------+
|       Site Type      | Used | Fixed | Prohibited | Available | Util% |
+----------------------+------+-------+------------+-----------+-------+
| CMACE4               |    0 |     0 |          0 |         8 |  0.00 |
| GTYE4_CHANNEL        |    0 |     0 |          0 |        40 |  0.00 |
| GTYE4_COMMON         |    0 |     0 |          0 |        10 |  0.00 |
| HBM_REF_CLK          |    0 |     0 |          0 |         2 |  0.00 |
| HBM_SNGLBLI_INTF_APB |    0 |     0 |          0 |        32 |  0.00 |
| HBM_SNGLBLI_INTF_AXI |    0 |     0 |          0 |        32 |  0.00 |
| ILKNE4               |    0 |     0 |          0 |         4 |  0.00 |
| OBUFDS_GTE4          |    0 |     0 |          0 |        20 |  0.00 |
| OBUFDS_GTE4_ADV      |    0 |     0 |          0 |        20 |  0.00 |
| PCIE40E4             |    0 |     0 |          0 |         2 |  0.00 |
| PCIE4CE4             |    0 |     0 |          0 |         4 |  0.00 |
| SYSMONE4             |    0 |     0 |          0 |         3 |  0.00 |
+----------------------+------+-------+------------+-----------+-------+


7. CONFIGURATION
----------------

+-------------+------+-------+------------+-----------+-------+
|  Site Type  | Used | Fixed | Prohibited | Available | Util% |
+-------------+------+-------+------------+-----------+-------+
| BSCANE2     |    0 |     0 |          0 |        12 |  0.00 |
| DNA_PORTE2  |    0 |     0 |          0 |         3 |  0.00 |
| EFUSE_USR   |    0 |     0 |          0 |         3 |  0.00 |
| FRAME_ECCE4 |    0 |     0 |          0 |         3 |  0.00 |
| ICAPE3      |    0 |     0 |          0 |         6 |  0.00 |
| MASTER_JTAG |    0 |     0 |          0 |         3 |  0.00 |
| STARTUPE3   |    0 |     0 |          0 |         3 |  0.00 |
+-------------+------+-------+------------+-----------+-------+


8. Primitives
-------------

+----------+-------+---------------------+
| Ref Name |  Used | Functional Category |
+----------+-------+---------------------+
| FDRE     | 10546 |            Register |
| LUT6     |  2530 |                 CLB |
| LUT2     |  1367 |                 CLB |
| LUT3     |  1161 |                 CLB |
| LUT5     |   726 |                 CLB |
| LUT4     |   672 |                 CLB |
| MUXF7    |   664 |                 CLB |
| LUT1     |   274 |                 CLB |
| CARRY8   |   262 |                 CLB |
| MUXF8    |   221 |                 CLB |
| SRL16E   |   192 |                 CLB |
| RAMB36E2 |    24 |            BLOCKRAM |
| FDSE     |     6 |            Register |
| RAMB18E2 |     4 |            BLOCKRAM |
| OBUF     |     1 |                 I/O |
+----------+-------+---------------------+


9. Black Boxes
--------------

+----------------------------------------------------+------+
|                      Ref Name                      | Used |
+----------------------------------------------------+------+
| axis_register_slice_512                            |   32 |
| axis_register_slice_req_96                         |   26 |
| axis_register_slice_meta_32                        |    9 |
| axis_register_slice_meta_128                       |    6 |
| axil_register_slice                                |    6 |
| axis_register_slice_meta_96                        |    5 |
| axis_clock_converter_dma_rsp                       |    4 |
| axis_clock_converter_96                            |    4 |
| axis_clock_converter_512                           |    4 |
| axis_register_slice_meta_256                       |    3 |
| axim_register_slice                                |    3 |
| axis_data_fifo_req_96                              |    2 |
| axis_data_fifo_cch_req_128                         |    2 |
| axis_data_fifo_128_tlb                             |    2 |
| vio_shell_xstats                                   |    1 |
| meta_clock_converter_96                            |    1 |
| dyn_crossbar_0                                     |    1 |
| design_user_wrapper_0                              |    1 |
| design_ctrl_proc_sys_reset_u_0                     |    1 |
| design_ctrl_proc_sys_reset_n_0                     |    1 |
| design_ctrl_proc_sys_reset_a_0                     |    1 |
| design_ctrl_clk_wiz_0_0                            |    1 |
| design_ctrl_axi_interconnect_0_imp_xbar_0          |    1 |
| design_ctrl_axi_interconnect_0_imp_s00_regslice_0  |    1 |
| design_ctrl_axi_interconnect_0_imp_s00_data_fifo_0 |    1 |
| design_ctrl_axi_interconnect_0_imp_m02_regslice_0  |    1 |
| design_ctrl_axi_interconnect_0_imp_m01_regslice_0  |    1 |
| design_ctrl_axi_interconnect_0_imp_m00_regslice_0  |    1 |
| design_ctrl_axi_interconnect_0_imp_auto_rs_1       |    1 |
| design_ctrl_axi_interconnect_0_imp_auto_rs_0       |    1 |
| design_ctrl_axi_interconnect_0_imp_auto_pc_1       |    1 |
| design_ctrl_axi_interconnect_0_imp_auto_pc_0       |    1 |
| design_ctrl_axi_interconnect_0_imp_auto_ds_2       |    1 |
| design_ctrl_axi_interconnect_0_imp_auto_ds_1       |    1 |
| design_ctrl_axi_interconnect_0_imp_auto_ds_0       |    1 |
| design_ctrl_axi_interconnect_0_imp_auto_cc_2       |    1 |
| design_ctrl_axi_interconnect_0_imp_auto_cc_1       |    1 |
| design_ctrl_axi_interconnect_0_imp_auto_cc_0       |    1 |
| debug_bridge_dynamic                               |    1 |
| axis_data_fifo_req_256_used                        |    1 |
+----------------------------------------------------+------+


10. Instantiated Netlists
-------------------------

+----------+------+
| Ref Name | Used |
+----------+------+


11. SLR Connectivity
--------------------

+----------------------------------+------+-------+-----------+-------+
|                                  | Used | Fixed | Available | Util% |
+----------------------------------+------+-------+-----------+-------+
| SLR2 <-> SLR1                    |    0 |       |     23040 |  0.00 |
|   SLR1 -> SLR2                   |    0 |       |           |  0.00 |
|     Using TX_REG only            |    0 |     0 |           |       |
|     Using RX_REG only            |    0 |     0 |           |       |
|     Using Both TX_REG and RX_REG |    0 |     0 |           |       |
|   SLR2 -> SLR1                   |    0 |       |           |  0.00 |
|     Using TX_REG only            |    0 |     0 |           |       |
|     Using RX_REG only            |    0 |     0 |           |       |
|     Using Both TX_REG and RX_REG |    0 |     0 |           |       |
| SLR1 <-> SLR0                    |    0 |       |     23040 |  0.00 |
|   SLR0 -> SLR1                   |    0 |       |           |  0.00 |
|     Using TX_REG only            |    0 |     0 |           |       |
|     Using RX_REG only            |    0 |     0 |           |       |
|     Using Both TX_REG and RX_REG |    0 |     0 |           |       |
|   SLR1 -> SLR0                   |    0 |       |           |  0.00 |
|     Using TX_REG only            |    0 |     0 |           |       |
|     Using RX_REG only            |    0 |     0 |           |       |
|     Using Both TX_REG and RX_REG |    0 |     0 |           |       |
+----------------------------------+------+-------+-----------+-------+
| Total SLLs Used                  |    0 |       |           |       |
+----------------------------------+------+-------+-----------+-------+


12. SLR Connectivity Matrix
---------------------------

+-----------+------+------+------+
| FROM \ TO | SLR2 | SLR1 | SLR0 |
+-----------+------+------+------+
| SLR2      |    0 |    0 |    0 |
| SLR1      |    0 |    0 |    0 |
| SLR0      |    0 |    0 |    0 |
+-----------+------+------+------+


13. SLR IO Utilization
----------------------

+-----------+-----------+---------+------------+----------+------------+----------+-----+
| SLR Index | Used IOBs | (%)IOBs | Used IPADs | (%)IPADs | Used OPADs | (%)OPADs | GTs |
+-----------+-----------+---------+------------+----------+------------+----------+-----+
| SLR2      |         0 |    0.00 |          0 |     0.00 |          0 |     0.00 |   0 |
| SLR1      |         0 |    0.00 |          0 |     0.00 |          0 |     0.00 |   0 |
| SLR0      |         0 |    0.00 |          0 |     0.00 |          0 |     0.00 |   0 |
+-----------+-----------+---------+------------+----------+------------+----------+-----+
| Total     |         0 |         |          0 |          |          0 |          |   0 |
+-----------+-----------+---------+------------+----------+------------+----------+-----+


