[start] 2026-05-09T19:52:11+02:00
[session] zero_in_export_resume_20260509_195211
[hls_dir] /pub/scratch/sdeheredia/Coyote/examples/ml_baseline/hls4ml/artifacts/coyote_accelerator_zero_in_e2e/20260509_173826/project/build/zero_in_coyote_accel_cyt_hw/zero_in_coyote_accel_config_0/user_c0_0/hdl/ext/model_wrapper_hls
[tcl] /pub/scratch/sdeheredia/Coyote/examples/ml_baseline/hls4ml/artifacts/coyote_accelerator_zero_in_e2e/20260509_173826/project/build/zero_in_coyote_accel_cyt_hw/zero_in_coyote_accel_config_0/user_c0_0/hdl/ext/model_wrapper_hls/resume_export_ip.tcl
[log] /pub/scratch/sdeheredia/Coyote/examples/ml_baseline/hls4ml/artifacts/coyote_accelerator_zero_in_e2e/20260509_173826/logs/zero_in_export_resume_20260509_195211.log
[pid] 2976555
Vitis HLS - High-Level Synthesis from C, C++ and OpenCL v2024.2 (64-bit)
SW Build 5238294 on Nov  8 2024
IP Build 5239520 on Sun Nov 10 16:12:51 MST 2024
Tool Version Limit: 2024.11
Copyright 1986-2022 Xilinx, Inc. All Rights Reserved.
Copyright 2022-2024 Advanced Micro Devices, Inc. All Rights Reserved.
SharedData Build 5239561 on Fri Nov 08 14:39:27 MST 2024


****** Vitis HLS - High-Level Synthesis from C, C++ and OpenCL v2024.2 (64-bit)
  **** SW Build 5238294 on Nov  8 2024
  **** IP Build 5239520 on Sun Nov 10 16:12:51 MST 2024
  **** SharedData Build 5239561 on Fri Nov 08 14:39:27 MST 2024
  **** Start of session at: Sat May  9 19:52:14 2026
    ** Copyright 1986-2022 Xilinx, Inc. All Rights Reserved.
    ** Copyright 2022-2024 Advanced Micro Devices, Inc. All Rights Reserved.

source /tools/Xilinx/Vitis/2024.2/scripts/vitis_hls/hls.tcl -notrace
INFO: [HLS 200-10] For user 'sdeheredia' on host 'hacc-build-03.inf.ethz.ch' (Linux_x86_64 version 5.15.0-168-generic) on Sat May 09 19:52:16 CEST 2026
INFO: [HLS 200-10] On os Ubuntu 22.04.5 LTS
INFO: [HLS 200-10] In directory '/pub/scratch/sdeheredia/Coyote/examples/ml_baseline/hls4ml/artifacts/coyote_accelerator_zero_in_e2e/20260509_173826/project/build/zero_in_coyote_accel_cyt_hw/zero_in_coyote_accel_config_0/user_c0_0/hdl/ext/model_wrapper_hls'
WARNING: [HLS 200-2053] The vitis_hls executable is deprecated. Consider using vitis-run --mode hls --tcl
Sourcing Tcl script '/pub/scratch/sdeheredia/Coyote/examples/ml_baseline/hls4ml/artifacts/coyote_accelerator_zero_in_e2e/20260509_173826/project/build/zero_in_coyote_accel_cyt_hw/zero_in_coyote_accel_config_0/user_c0_0/hdl/ext/model_wrapper_hls/resume_export_ip.tcl'
INFO: [HLS 200-1510] Running: open_project model_wrapper_c0_0 
INFO: [HLS 200-10] Opening project '/pub/scratch/sdeheredia/Coyote/examples/ml_baseline/hls4ml/artifacts/coyote_accelerator_zero_in_e2e/20260509_173826/project/build/zero_in_coyote_accel_cyt_hw/zero_in_coyote_accel_config_0/user_c0_0/hdl/ext/model_wrapper_hls/model_wrapper_c0_0'.
INFO: [HLS 200-1510] Running: open_solution solution1 
INFO: [HLS 200-10] Opening solution '/pub/scratch/sdeheredia/Coyote/examples/ml_baseline/hls4ml/artifacts/coyote_accelerator_zero_in_e2e/20260509_173826/project/build/zero_in_coyote_accel_cyt_hw/zero_in_coyote_accel_config_0/user_c0_0/hdl/ext/model_wrapper_hls/model_wrapper_c0_0/solution1'.
INFO: [SYN 201-201] Setting up clock 'default' with a period of 4ns.
INFO: [SYN 201-201] Setting up clock 'default' with an uncertainty of 1.08ns.
INFO: [HLS 200-1611] Setting target device to 'xcu55c-fsvh2892-2L-e'
INFO: [HLS 200-1505] Using flow_target 'vivado'
Resolution: For help on HLS 200-1505 see docs.xilinx.com/access/sources/dita/topic?Doc_Version=2024.2%20English&url=ug1448-hls-guidance&resourceid=200-1505.html
INFO: [HLS 200-1464] Running solution command: config_export -display_name=model_wrapper_hls_ip
INFO: [HLS 200-1464] Running solution command: config_export -format=ip_catalog
INFO: [HLS 200-1464] Running solution command: config_export -ipname=model_wrapper_hls_ip
INFO: [HLS 200-1464] Running solution command: config_export -vendor=user.org
INFO: [HLS 200-1464] Running solution command: config_export -version=1.0
INFO: [HLS 200-1510] Running: export_design -format ip_catalog -ipname model_wrapper_hls_ip -display_name model_wrapper_hls_ip -description  -vendor user.org -version 1.0 
INFO: [IMPL 213-8] Exporting RTL as a Vivado IP.
WARNING: /tools/Xilinx/Vivado/2024.2/tps/lnx64/jre11.0.16_1 does not exist.

****** Vivado v2024.2 (64-bit)
  **** SW Build 5239630 on Fri Nov 08 22:34:34 MST 2024
  **** IP Build 5239520 on Sun Nov 10 16:12:51 MST 2024
  **** SharedData Build 5239561 on Fri Nov 08 14:39:27 MST 2024
  **** Start of session at: Sat May  9 21:13:20 2026
    ** Copyright 1986-2022 Xilinx, Inc. All Rights Reserved.
    ** Copyright 2022-2024 Advanced Micro Devices, Inc. All Rights Reserved.

source run_ippack.tcl -notrace
INFO: calling package_hls_ip ip_types=vitis sysgen json_file=/pub/scratch/sdeheredia/Coyote/examples/ml_baseline/hls4ml/artifacts/coyote_accelerator_zero_in_e2e/20260509_173826/project/build/zero_in_coyote_accel_cyt_hw/zero_in_coyote_accel_config_0/user_c0_0/hdl/ext/model_wrapper_hls/model_wrapper_c0_0/solution1/solution1_data.json outdir=/pub/scratch/sdeheredia/Coyote/examples/ml_baseline/hls4ml/artifacts/coyote_accelerator_zero_in_e2e/20260509_173826/project/build/zero_in_coyote_accel_cyt_hw/zero_in_coyote_accel_config_0/user_c0_0/hdl/ext/model_wrapper_hls/model_wrapper_c0_0/solution1/impl/ip srcdir=/pub/scratch/sdeheredia/Coyote/examples/ml_baseline/hls4ml/artifacts/coyote_accelerator_zero_in_e2e/20260509_173826/project/build/zero_in_coyote_accel_cyt_hw/zero_in_coyote_accel_config_0/user_c0_0/hdl/ext/model_wrapper_hls/model_wrapper_c0_0/solution1 sort_interfaces_ports=false
INFO: Copied 1 ipmisc file(s) to /pub/scratch/sdeheredia/Coyote/examples/ml_baseline/hls4ml/artifacts/coyote_accelerator_zero_in_e2e/20260509_173826/project/build/zero_in_coyote_accel_cyt_hw/zero_in_coyote_accel_config_0/user_c0_0/hdl/ext/model_wrapper_hls/model_wrapper_c0_0/solution1/impl/ip/misc
INFO: Copied 143 verilog file(s) to /pub/scratch/sdeheredia/Coyote/examples/ml_baseline/hls4ml/artifacts/coyote_accelerator_zero_in_e2e/20260509_173826/project/build/zero_in_coyote_accel_cyt_hw/zero_in_coyote_accel_config_0/user_c0_0/hdl/ext/model_wrapper_hls/model_wrapper_c0_0/solution1/impl/ip/hdl/verilog
INFO: Copied 138 vhdl file(s) to /pub/scratch/sdeheredia/Coyote/examples/ml_baseline/hls4ml/artifacts/coyote_accelerator_zero_in_e2e/20260509_173826/project/build/zero_in_coyote_accel_cyt_hw/zero_in_coyote_accel_config_0/user_c0_0/hdl/ext/model_wrapper_hls/model_wrapper_c0_0/solution1/impl/ip/hdl/vhdl
Generating 1 subcores in /pub/scratch/sdeheredia/Coyote/examples/ml_baseline/hls4ml/artifacts/coyote_accelerator_zero_in_e2e/20260509_173826/project/build/zero_in_coyote_accel_cyt_hw/zero_in_coyote_accel_config_0/user_c0_0/hdl/ext/model_wrapper_hls/model_wrapper_c0_0/solution1/impl/ip/hdl/ip.tmp:
impl/misc/model_wrapper_fpext_32ns_64_2_no_dsp_1_ip.tcl
create_project: Time (s): cpu = 00:00:06 ; elapsed = 00:00:07 . Memory (MB): peak = 1507.707 ; gain = 37.836 ; free physical = 150718 ; free virtual = 351347
INFO: Using COE_DIR=/pub/scratch/sdeheredia/Coyote/examples/ml_baseline/hls4ml/artifacts/coyote_accelerator_zero_in_e2e/20260509_173826/project/build/zero_in_coyote_accel_cyt_hw/zero_in_coyote_accel_config_0/user_c0_0/hdl/ext/model_wrapper_hls/model_wrapper_c0_0/solution1/impl/ip/hdl/verilog
INFO: Generating model_wrapper_fpext_32ns_64_2_no_dsp_1_ip via file impl/misc/model_wrapper_fpext_32ns_64_2_no_dsp_1_ip.tcl
INFO: [IP_Flow 19-234] Refreshing IP repositories
INFO: [IP_Flow 19-1704] No user IP repositories specified
INFO: [IP_Flow 19-2313] Loaded Vivado IP repository '/tools/Xilinx/Vivado/2024.2/data/ip'.
INFO: [IP_Flow 19-1686] Generating 'Synthesis' target for IP 'model_wrapper_fpext_32ns_64_2_no_dsp_1_ip'...
INFO: [IP_Flow 19-1686] Generating 'Simulation' target for IP 'model_wrapper_fpext_32ns_64_2_no_dsp_1_ip'...
INFO: Done generating model_wrapper_fpext_32ns_64_2_no_dsp_1_ip via file impl/misc/model_wrapper_fpext_32ns_64_2_no_dsp_1_ip.tcl
INFO: Import ports from HDL: /pub/scratch/sdeheredia/Coyote/examples/ml_baseline/hls4ml/artifacts/coyote_accelerator_zero_in_e2e/20260509_173826/project/build/zero_in_coyote_accel_cyt_hw/zero_in_coyote_accel_config_0/user_c0_0/hdl/ext/model_wrapper_hls/model_wrapper_c0_0/solution1/impl/ip/hdl/vhdl/model_wrapper.vhd (model_wrapper)
INFO: Add clock interface ap_clk
INFO: Add reset interface ap_rst_n
INFO: Add axi4stream interface data_in
INFO: Add axi4stream interface data_out
INFO: [IP_Flow 19-234] Refreshing IP repositories
INFO: [IP_Flow 19-1704] No user IP repositories specified
INFO: [IP_Flow 19-2313] Loaded Vivado IP repository '/tools/Xilinx/Vivado/2024.2/data/ip'.
INFO: Calling post_process_vitis to specialize IP
INFO: Calling post_process_sysgen to specialize IP
Generating sysgen info xml from json file
INFO: Created IP /pub/scratch/sdeheredia/Coyote/examples/ml_baseline/hls4ml/artifacts/coyote_accelerator_zero_in_e2e/20260509_173826/project/build/zero_in_coyote_accel_cyt_hw/zero_in_coyote_accel_config_0/user_c0_0/hdl/ext/model_wrapper_hls/model_wrapper_c0_0/solution1/impl/ip/component.xml
INFO: Created IP archive /pub/scratch/sdeheredia/Coyote/examples/ml_baseline/hls4ml/artifacts/coyote_accelerator_zero_in_e2e/20260509_173826/project/build/zero_in_coyote_accel_cyt_hw/zero_in_coyote_accel_config_0/user_c0_0/hdl/ext/model_wrapper_hls/model_wrapper_c0_0/solution1/impl/ip/user_org_hls_model_wrapper_hls_ip_1_0.zip
INFO: [Common 17-206] Exiting Vivado at Sat May  9 21:14:05 2026...
INFO: [HLS 200-802] Generated output file model_wrapper_c0_0/solution1/impl/export.zip
INFO: [HLS 200-2161] Finished Command export_design Elapsed time: 01:21:56; Allocated memory: 117.605 MB.
INFO: [HLS 200-112] Total CPU user time: 4902.66 seconds. Total CPU system time: 3.11 seconds. Total elapsed time: 4922.61 seconds; peak allocated memory: 759.262 MB.
[finish] 2026-05-09T21:14:17+02:00
[exit] 0
[H[J